# JRE version: Java(TM) SE Runtime Environment (8.0_202-b08) (build 1.8.0_202-b08)
# Java VM: Java HotSpot(TM) 64-Bit Server VM (25.202-b08 mixed mode windows-amd64 compressed oops)
Heap:
 PSYoungGen      total 269312K, used 64061K [0x00000000d6000000, 0x00000000e6b80000, 0x0000000100000000)
  eden space 264704K, 24% used [0x00000000d6000000,0x00000000d9e7f648,0x00000000e6280000)
  from space 4608K, 1% used [0x00000000e6280000,0x00000000e6290000,0x00000000e6700000)
  to   space 4608K, 0% used [0x00000000e6700000,0x00000000e6700000,0x00000000e6b80000)
 ParOldGen       total 86016K, used 6028K [0x0000000082000000, 0x0000000087400000, 0x00000000d6000000)
  object space 86016K, 7% used [0x0000000082000000,0x00000000825e33e0,0x0000000087400000)
 Metaspace       used 15863K, capacity 16636K, committed 16768K, reserved 1064960K
  class space    used 1884K, capacity 2084K, committed 2176K, reserved 1048576K
GC Heap History (10 events):
Event: 966.973 GC heap before
{Heap before GC invocations=23 (full 0):
 PSYoungGen      total 208384K, used 203328K [0x00000000d6000000, 0x00000000e3180000, 0x0000000100000000)
  eden space 203264K, 100% used [0x00000000d6000000,0x00000000e2680000,0x00000000e2680000)
  from space 5120K, 1% used [0x00000000e2c80000,0x00000000e2c90000,0x00000000e3180000)
  to   space 5632K, 0% used [0x00000000e2680000,0x00000000e2680000,0x00000000e2c00000)
 ParOldGen       total 86016K, used 6020K [0x0000000082000000, 0x0000000087400000, 0x00000000d6000000)
  object space 86016K, 6% used [0x0000000082000000,0x00000000825e13e0,0x0000000087400000)
 Metaspace       used 15863K, capacity 16636K, committed 16768K, reserved 1064960K
  class space    used 1884K, capacity 2084K, committed 2176K, reserved 1048576K
Event: 970.743 GC heap after
Heap after GC invocations=23 (full 0):
 PSYoungGen      total 208896K, used 64K [0x00000000d6000000, 0x00000000e3180000, 0x0000000100000000)
  eden space 203264K, 0% used [0x00000000d6000000,0x00000000d6000000,0x00000000e2680000)
  from space 5632K, 1% used [0x00000000e2680000,0x00000000e2690000,0x00000000e2c00000)
  to   space 5120K, 0% used [0x00000000e2c80000,0x00000000e2c80000,0x00000000e3180000)
 ParOldGen       total 86016K, used 6028K [0x0000000082000000, 0x0000000087400000, 0x00000000d6000000)
  object space 86016K, 7% used [0x0000000082000000,0x00000000825e33e0,0x0000000087400000)
 Metaspace       used 15863K, capacity 16636K, committed 16768K, reserved 1064960K
  class space    used 1884K, capacity 2084K, committed 2176K, reserved 1048576K
}
Event: 1050.326 GC heap before
{Heap before GC invocations=24 (full 0):
 PSYoungGen      total 208896K, used 203328K [0x00000000d6000000, 0x00000000e3180000, 0x0000000100000000)
  eden space 203264K, 100% used [0x00000000d6000000,0x00000000e2680000,0x00000000e2680000)
  from space 5632K, 1% used [0x00000000e2680000,0x00000000e2690000,0x00000000e2c00000)
  to   space 5120K, 0% used [0x00000000e2c80000,0x00000000e2c80000,0x00000000e3180000)
 ParOldGen       total 86016K, used 6028K [0x0000000082000000, 0x0000000087400000, 0x00000000d6000000)
  object space 86016K, 7% used [0x0000000082000000,0x00000000825e33e0,0x0000000087400000)
 Metaspace       used 15863K, capacity 16636K, committed 16768K, reserved 1064960K
  class space    used 1884K, capacity 2084K, committed 2176K, reserved 1048576K
Event: 1054.417 GC heap after
Heap after GC invocations=24 (full 0):
 PSYoungGen      total 208384K, used 96K [0x00000000d6000000, 0x00000000e3180000, 0x0000000100000000)
  eden space 203264K, 0% used [0x00000000d6000000,0x00000000d6000000,0x00000000e2680000)
  from space 5120K, 1% used [0x00000000e2c80000,0x00000000e2c98000,0x00000000e3180000)
  to   space 5632K, 0% used [0x00000000e2680000,0x00000000e2680000,0x00000000e2c00000)
 ParOldGen       total 86016K, used 6028K [0x0000000082000000, 0x0000000087400000, 0x00000000d6000000)
  object space 86016K, 7% used [0x0000000082000000,0x00000000825e33e0,0x0000000087400000)
 Metaspace       used 15863K, capacity 16636K, committed 16768K, reserved 1064960K
  class space    used 1884K, capacity 2084K, committed 2176K, reserved 1048576K
}
Event: 1092.955 GC heap before
{Heap before GC invocations=25 (full 0):
 PSYoungGen      total 208384K, used 203360K [0x00000000d6000000, 0x00000000e3180000, 0x0000000100000000)
  eden space 203264K, 100% used [0x00000000d6000000,0x00000000e2680000,0x00000000e2680000)
  from space 5120K, 1% used [0x00000000e2c80000,0x00000000e2c98000,0x00000000e3180000)
  to   space 5632K, 0% used [0x00000000e2680000,0x00000000e2680000,0x00000000e2c00000)
 ParOldGen       total 86016K, used 6028K [0x0000000082000000, 0x0000000087400000, 0x00000000d6000000)
  object space 86016K, 7% used [0x0000000082000000,0x00000000825e33e0,0x0000000087400000)
 Metaspace       used 15863K, capacity 16636K, committed 16768K, reserved 1064960K
  class space    used 1884K, capacity 2084K, committed 2176K, reserved 1048576K
Event: 1095.411 GC heap after
Heap after GC invocations=25 (full 0):
 PSYoungGen      total 208896K, used 32K [0x00000000d6000000, 0x00000000e6b80000, 0x0000000100000000)
  eden space 203264K, 0% used [0x00000000d6000000,0x00000000d6000000,0x00000000e2680000)
  from space 5632K, 0% used [0x00000000e2680000,0x00000000e2688000,0x00000000e2c00000)
  to   space 4608K, 0% used [0x00000000e6700000,0x00000000e6700000,0x00000000e6b80000)
 ParOldGen       total 86016K, used 6028K [0x0000000082000000, 0x0000000087400000, 0x00000000d6000000)
  object space 86016K, 7% used [0x0000000082000000,0x00000000825e33e0,0x0000000087400000)
 Metaspace       used 15863K, capacity 16636K, committed 16768K, reserved 1064960K
  class space    used 1884K, capacity 2084K, committed 2176K, reserved 1048576K
}
Event: 1140.275 GC heap before
{Heap before GC invocations=26 (full 0):
 PSYoungGen      total 208896K, used 203296K [0x00000000d6000000, 0x00000000e6b80000, 0x0000000100000000)
  eden space 203264K, 100% used [0x00000000d6000000,0x00000000e2680000,0x00000000e2680000)
  from space 5632K, 0% used [0x00000000e2680000,0x00000000e2688000,0x00000000e2c00000)
  to   space 4608K, 0% used [0x00000000e6700000,0x00000000e6700000,0x00000000e6b80000)
 ParOldGen       total 86016K, used 6028K [0x0000000082000000, 0x0000000087400000, 0x00000000d6000000)
  object space 86016K, 7% used [0x0000000082000000,0x00000000825e33e0,0x0000000087400000)
 Metaspace       used 15863K, capacity 16636K, committed 16768K, reserved 1064960K
  class space    used 1884K, capacity 2084K, committed 2176K, reserved 1048576K
Event: 1142.669 GC heap after
Heap after GC invocations=26 (full 0):
 PSYoungGen      total 269312K, used 64K [0x00000000d6000000, 0x00000000e6b80000, 0x0000000100000000)
  eden space 264704K, 0% used [0x00000000d6000000,0x00000000d6000000,0x00000000e6280000)
  from space 4608K, 1% used [0x00000000e6700000,0x00000000e6710000,0x00000000e6b80000)
  to   space 4608K, 0% used [0x00000000e6280000,0x00000000e6280000,0x00000000e6700000)
 ParOldGen       total 86016K, used 6028K [0x0000000082000000, 0x0000000087400000, 0x00000000d6000000)
  object space 86016K, 7% used [0x0000000082000000,0x00000000825e33e0,0x0000000087400000)
 Metaspace       used 15863K, capacity 16636K, committed 16768K, reserved 1064960K
  class space    used 1884K, capacity 2084K, committed 2176K, reserved 1048576K
}
Event: 1191.255 GC heap before
{Heap before GC invocations=27 (full 0):
 PSYoungGen      total 269312K, used 264768K [0x00000000d6000000, 0x00000000e6b80000, 0x0000000100000000)
  eden space 264704K, 100% used [0x00000000d6000000,0x00000000e6280000,0x00000000e6280000)
  from space 4608K, 1% used [0x00000000e6700000,0x00000000e6710000,0x00000000e6b80000)
  to   space 4608K, 0% used [0x00000000e6280000,0x00000000e6280000,0x00000000e6700000)
 ParOldGen       total 86016K, used 6028K [0x0000000082000000, 0x0000000087400000, 0x00000000d6000000)
  object space 86016K, 7% used [0x0000000082000000,0x00000000825e33e0,0x0000000087400000)
 Metaspace       used 15863K, capacity 16636K, committed 16768K, reserved 1064960K
  class space    used 1884K, capacity 2084K, committed 2176K, reserved 1048576K
Event: 1193.144 GC heap after
Heap after GC invocations=27 (full 0):
 PSYoungGen      total 269312K, used 64K [0x00000000d6000000, 0x00000000e6b80000, 0x0000000100000000)
  eden space 264704K, 0% used [0x00000000d6000000,0x00000000d6000000,0x00000000e6280000)
  from space 4608K, 1% used [0x00000000e6280000,0x00000000e6290000,0x00000000e6700000)
  to   space 4608K, 0% used [0x00000000e6700000,0x00000000e6700000,0x00000000e6b80000)
 ParOldGen       total 86016K, used 6028K [0x0000000082000000, 0x0000000087400000, 0x00000000d6000000)
  object space 86016K, 7% used [0x0000000082000000,0x00000000825e33e0,0x0000000087400000)
 Metaspace       used 15863K, capacity 16636K, committed 16768K, reserved 1064960K
  class space    used 1884K, capacity 2084K, committed 2176K, reserved 1048576K
}

