# JRE version: Java(TM) SE Runtime Environment (8.0_202-b08) (build 1.8.0_202-b08)
# Java VM: Java HotSpot(TM) 64-Bit Server VM (25.202-b08 mixed mode windows-amd64 compressed oops)
Heap:
 PSYoungGen      total 63488K, used 55646K [0x00000000d6000000, 0x00000000f3c80000, 0x0000000100000000)
  eden space 62976K, 88% used [0x00000000d6000000,0x00000000d9647ad0,0x00000000d9d80000)
  from space 512K, 12% used [0x00000000f3c00000,0x00000000f3c10000,0x00000000f3c80000)
  to   space 512K, 0% used [0x00000000f3b80000,0x00000000f3b80000,0x00000000f3c00000)
 ParOldGen       total 86016K, used 6170K [0x0000000082000000, 0x0000000087400000, 0x00000000d6000000)
  object space 86016K, 7% used [0x0000000082000000,0x0000000082606810,0x0000000087400000)
 Metaspace       used 15373K, capacity 16226K, committed 16512K, reserved 1062912K
  class space    used 1880K, capacity 2085K, committed 2176K, reserved 1048576K
GC Heap History (10 events):
Event: 130.258 GC heap before
{Heap before GC invocations=74 (full 0):
 PSYoungGen      total 73728K, used 73312K [0x00000000d6000000, 0x00000000f3c80000, 0x0000000100000000)
  eden space 73216K, 100% used [0x00000000d6000000,0x00000000da780000,0x00000000da780000)
  from space 512K, 18% used [0x00000000f3b80000,0x00000000f3b98000,0x00000000f3c00000)
  to   space 512K, 0% used [0x00000000f3c00000,0x00000000f3c00000,0x00000000f3c80000)
 ParOldGen       total 86016K, used 6146K [0x0000000082000000, 0x0000000087400000, 0x00000000d6000000)
  object space 86016K, 7% used [0x0000000082000000,0x0000000082600810,0x0000000087400000)
 Metaspace       used 15371K, capacity 16162K, committed 16256K, reserved 1062912K
  class space    used 1880K, capacity 2085K, committed 2176K, reserved 1048576K
Event: 130.259 GC heap after
Heap after GC invocations=74 (full 0):
 PSYoungGen      total 71680K, used 64K [0x00000000d6000000, 0x00000000f3c80000, 0x0000000100000000)
  eden space 71168K, 0% used [0x00000000d6000000,0x00000000d6000000,0x00000000da580000)
  from space 512K, 12% used [0x00000000f3c00000,0x00000000f3c10000,0x00000000f3c80000)
  to   space 512K, 0% used [0x00000000f3b80000,0x00000000f3b80000,0x00000000f3c00000)
 ParOldGen       total 86016K, used 6146K [0x0000000082000000, 0x0000000087400000, 0x00000000d6000000)
  object space 86016K, 7% used [0x0000000082000000,0x0000000082600810,0x0000000087400000)
 Metaspace       used 15371K, capacity 16162K, committed 16256K, reserved 1062912K
  class space    used 1880K, capacity 2085K, committed 2176K, reserved 1048576K
}
Event: 130.418 GC heap before
{Heap before GC invocations=75 (full 0):
 PSYoungGen      total 71680K, used 71232K [0x00000000d6000000, 0x00000000f3c80000, 0x0000000100000000)
  eden space 71168K, 100% used [0x00000000d6000000,0x00000000da580000,0x00000000da580000)
  from space 512K, 12% used [0x00000000f3c00000,0x00000000f3c10000,0x00000000f3c80000)
  to   space 512K, 0% used [0x00000000f3b80000,0x00000000f3b80000,0x00000000f3c00000)
 ParOldGen       total 86016K, used 6146K [0x0000000082000000, 0x0000000087400000, 0x00000000d6000000)
  object space 86016K, 7% used [0x0000000082000000,0x0000000082600810,0x0000000087400000)
 Metaspace       used 15371K, capacity 16162K, committed 16256K, reserved 1062912K
  class space    used 1880K, capacity 2085K, committed 2176K, reserved 1048576K
Event: 130.418 GC heap after
Heap after GC invocations=75 (full 0):
 PSYoungGen      total 69632K, used 0K [0x00000000d6000000, 0x00000000f3c80000, 0x0000000100000000)
  eden space 69120K, 0% used [0x00000000d6000000,0x00000000d6000000,0x00000000da380000)
  from space 512K, 0% used [0x00000000f3b80000,0x00000000f3b80000,0x00000000f3c00000)
  to   space 512K, 0% used [0x00000000f3c00000,0x00000000f3c00000,0x00000000f3c80000)
 ParOldGen       total 86016K, used 6170K [0x0000000082000000, 0x0000000087400000, 0x00000000d6000000)
  object space 86016K, 7% used [0x0000000082000000,0x0000000082606810,0x0000000087400000)
 Metaspace       used 15371K, capacity 16162K, committed 16256K, reserved 1062912K
  class space    used 1880K, capacity 2085K, committed 2176K, reserved 1048576K
}
Event: 130.908 GC heap before
{Heap before GC invocations=76 (full 0):
 PSYoungGen      total 69632K, used 69120K [0x00000000d6000000, 0x00000000f3c80000, 0x0000000100000000)
  eden space 69120K, 100% used [0x00000000d6000000,0x00000000da380000,0x00000000da380000)
  from space 512K, 0% used [0x00000000f3b80000,0x00000000f3b80000,0x00000000f3c00000)
  to   space 512K, 0% used [0x00000000f3c00000,0x00000000f3c00000,0x00000000f3c80000)
 ParOldGen       total 86016K, used 6170K [0x0000000082000000, 0x0000000087400000, 0x00000000d6000000)
  object space 86016K, 7% used [0x0000000082000000,0x0000000082606810,0x0000000087400000)
 Metaspace       used 15371K, capacity 16162K, committed 16256K, reserved 1062912K
  class space    used 1880K, capacity 2085K, committed 2176K, reserved 1048576K
Event: 130.909 GC heap after
Heap after GC invocations=76 (full 0):
 PSYoungGen      total 67584K, used 96K [0x00000000d6000000, 0x00000000f3c80000, 0x0000000100000000)
  eden space 67072K, 0% used [0x00000000d6000000,0x00000000d6000000,0x00000000da180000)
  from space 512K, 18% used [0x00000000f3c00000,0x00000000f3c18000,0x00000000f3c80000)
  to   space 512K, 0% used [0x00000000f3b80000,0x00000000f3b80000,0x00000000f3c00000)
 ParOldGen       total 86016K, used 6170K [0x0000000082000000, 0x0000000087400000, 0x00000000d6000000)
  object space 86016K, 7% used [0x0000000082000000,0x0000000082606810,0x0000000087400000)
 Metaspace       used 15371K, capacity 16162K, committed 16256K, reserved 1062912K
  class space    used 1880K, capacity 2085K, committed 2176K, reserved 1048576K
}
Event: 131.409 GC heap before
{Heap before GC invocations=77 (full 0):
 PSYoungGen      total 67584K, used 67168K [0x00000000d6000000, 0x00000000f3c80000, 0x0000000100000000)
  eden space 67072K, 100% used [0x00000000d6000000,0x00000000da180000,0x00000000da180000)
  from space 512K, 18% used [0x00000000f3c00000,0x00000000f3c18000,0x00000000f3c80000)
  to   space 512K, 0% used [0x00000000f3b80000,0x00000000f3b80000,0x00000000f3c00000)
 ParOldGen       total 86016K, used 6170K [0x0000000082000000, 0x0000000087400000, 0x00000000d6000000)
  object space 86016K, 7% used [0x0000000082000000,0x0000000082606810,0x0000000087400000)
 Metaspace       used 15373K, capacity 16226K, committed 16512K, reserved 1062912K
  class space    used 1880K, capacity 2085K, committed 2176K, reserved 1048576K
Event: 131.413 GC heap after
Heap after GC invocations=77 (full 0):
 PSYoungGen      total 65536K, used 32K [0x00000000d6000000, 0x00000000f3c80000, 0x0000000100000000)
  eden space 65024K, 0% used [0x00000000d6000000,0x00000000d6000000,0x00000000d9f80000)
  from space 512K, 6% used [0x00000000f3b80000,0x00000000f3b88000,0x00000000f3c00000)
  to   space 512K, 0% used [0x00000000f3c00000,0x00000000f3c00000,0x00000000f3c80000)
 ParOldGen       total 86016K, used 6170K [0x0000000082000000, 0x0000000087400000, 0x00000000d6000000)
  object space 86016K, 7% used [0x0000000082000000,0x0000000082606810,0x0000000087400000)
 Metaspace       used 15373K, capacity 16226K, committed 16512K, reserved 1062912K
  class space    used 1880K, capacity 2085K, committed 2176K, reserved 1048576K
}
Event: 132.556 GC heap before
{Heap before GC invocations=78 (full 0):
 PSYoungGen      total 65536K, used 65056K [0x00000000d6000000, 0x00000000f3c80000, 0x0000000100000000)
  eden space 65024K, 100% used [0x00000000d6000000,0x00000000d9f80000,0x00000000d9f80000)
  from space 512K, 6% used [0x00000000f3b80000,0x00000000f3b88000,0x00000000f3c00000)
  to   space 512K, 0% used [0x00000000f3c00000,0x00000000f3c00000,0x00000000f3c80000)
 ParOldGen       total 86016K, used 6170K [0x0000000082000000, 0x0000000087400000, 0x00000000d6000000)
  object space 86016K, 7% used [0x0000000082000000,0x0000000082606810,0x0000000087400000)
 Metaspace       used 15373K, capacity 16226K, committed 16512K, reserved 1062912K
  class space    used 1880K, capacity 2085K, committed 2176K, reserved 1048576K
Event: 132.562 GC heap after
Heap after GC invocations=78 (full 0):
 PSYoungGen      total 63488K, used 64K [0x00000000d6000000, 0x00000000f3c80000, 0x0000000100000000)
  eden space 62976K, 0% used [0x00000000d6000000,0x00000000d6000000,0x00000000d9d80000)
  from space 512K, 12% used [0x00000000f3c00000,0x00000000f3c10000,0x00000000f3c80000)
  to   space 512K, 0% used [0x00000000f3b80000,0x00000000f3b80000,0x00000000f3c00000)
 ParOldGen       total 86016K, used 6170K [0x0000000082000000, 0x0000000087400000, 0x00000000d6000000)
  object space 86016K, 7% used [0x0000000082000000,0x0000000082606810,0x0000000087400000)
 Metaspace       used 15373K, capacity 16226K, committed 16512K, reserved 1062912K
  class space    used 1880K, capacity 2085K, committed 2176K, reserved 1048576K
}

