# JRE version: Java(TM) SE Runtime Environment (8.0_202-b08) (build 1.8.0_202-b08)
# Java VM: Java HotSpot(TM) 64-Bit Server VM (25.202-b08 mixed mode windows-amd64 compressed oops)
Heap:
 PSYoungGen      total 378368K, used 223856K [0x00000000d6000000, 0x00000000ed780000, 0x0000000100000000)
  eden space 372224K, 60% used [0x00000000d6000000,0x00000000e3a8c398,0x00000000ecb80000)
  from space 6144K, 1% used [0x00000000ecb80000,0x00000000ecb90000,0x00000000ed180000)
  to   space 5632K, 0% used [0x00000000ed200000,0x00000000ed200000,0x00000000ed780000)
 ParOldGen       total 86016K, used 5715K [0x0000000082000000, 0x0000000087400000, 0x00000000d6000000)
  object space 86016K, 6% used [0x0000000082000000,0x0000000082594f60,0x0000000087400000)
 Metaspace       used 15575K, capacity 16412K, committed 16512K, reserved 1062912K
  class space    used 1880K, capacity 2084K, committed 2176K, reserved 1048576K
GC Heap History (10 events):
Event: 195.283 GC heap before
{Heap before GC invocations=23 (full 0):
 PSYoungGen      total 377856K, used 372288K [0x00000000d6000000, 0x00000000ed780000, 0x0000000100000000)
  eden space 372224K, 100% used [0x00000000d6000000,0x00000000ecb80000,0x00000000ecb80000)
  from space 5632K, 1% used [0x00000000ed200000,0x00000000ed210000,0x00000000ed780000)
  to   space 6144K, 0% used [0x00000000ecb80000,0x00000000ecb80000,0x00000000ed180000)
 ParOldGen       total 86016K, used 5699K [0x0000000082000000, 0x0000000087400000, 0x00000000d6000000)
  object space 86016K, 6% used [0x0000000082000000,0x0000000082590f60,0x0000000087400000)
 Metaspace       used 15566K, capacity 16412K, committed 16512K, reserved 1062912K
  class space    used 1880K, capacity 2084K, committed 2176K, reserved 1048576K
Event: 195.296 GC heap after
Heap after GC invocations=23 (full 0):
 PSYoungGen      total 378368K, used 64K [0x00000000d6000000, 0x00000000ed780000, 0x0000000100000000)
  eden space 372224K, 0% used [0x00000000d6000000,0x00000000d6000000,0x00000000ecb80000)
  from space 6144K, 1% used [0x00000000ecb80000,0x00000000ecb90000,0x00000000ed180000)
  to   space 5632K, 0% used [0x00000000ed200000,0x00000000ed200000,0x00000000ed780000)
 ParOldGen       total 86016K, used 5707K [0x0000000082000000, 0x0000000087400000, 0x00000000d6000000)
  object space 86016K, 6% used [0x0000000082000000,0x0000000082592f60,0x0000000087400000)
 Metaspace       used 15566K, capacity 16412K, committed 16512K, reserved 1062912K
  class space    used 1880K, capacity 2084K, committed 2176K, reserved 1048576K
}
Event: 197.157 GC heap before
{Heap before GC invocations=24 (full 0):
 PSYoungGen      total 378368K, used 372288K [0x00000000d6000000, 0x00000000ed780000, 0x0000000100000000)
  eden space 372224K, 100% used [0x00000000d6000000,0x00000000ecb80000,0x00000000ecb80000)
  from space 6144K, 1% used [0x00000000ecb80000,0x00000000ecb90000,0x00000000ed180000)
  to   space 5632K, 0% used [0x00000000ed200000,0x00000000ed200000,0x00000000ed780000)
 ParOldGen       total 86016K, used 5707K [0x0000000082000000, 0x0000000087400000, 0x00000000d6000000)
  object space 86016K, 6% used [0x0000000082000000,0x0000000082592f60,0x0000000087400000)
 Metaspace       used 15567K, capacity 16412K, committed 16512K, reserved 1062912K
  class space    used 1880K, capacity 2084K, committed 2176K, reserved 1048576K
Event: 197.181 GC heap after
Heap after GC invocations=24 (full 0):
 PSYoungGen      total 377856K, used 64K [0x00000000d6000000, 0x00000000ed780000, 0x0000000100000000)
  eden space 372224K, 0% used [0x00000000d6000000,0x00000000d6000000,0x00000000ecb80000)
  from space 5632K, 1% used [0x00000000ed200000,0x00000000ed210000,0x00000000ed780000)
  to   space 6144K, 0% used [0x00000000ecb80000,0x00000000ecb80000,0x00000000ed180000)
 ParOldGen       total 86016K, used 5707K [0x0000000082000000, 0x0000000087400000, 0x00000000d6000000)
  object space 86016K, 6% used [0x0000000082000000,0x0000000082592f60,0x0000000087400000)
 Metaspace       used 15567K, capacity 16412K, committed 16512K, reserved 1062912K
  class space    used 1880K, capacity 2084K, committed 2176K, reserved 1048576K
}
Event: 200.130 GC heap before
{Heap before GC invocations=25 (full 0):
 PSYoungGen      total 377856K, used 372288K [0x00000000d6000000, 0x00000000ed780000, 0x0000000100000000)
  eden space 372224K, 100% used [0x00000000d6000000,0x00000000ecb80000,0x00000000ecb80000)
  from space 5632K, 1% used [0x00000000ed200000,0x00000000ed210000,0x00000000ed780000)
  to   space 6144K, 0% used [0x00000000ecb80000,0x00000000ecb80000,0x00000000ed180000)
 ParOldGen       total 86016K, used 5707K [0x0000000082000000, 0x0000000087400000, 0x00000000d6000000)
  object space 86016K, 6% used [0x0000000082000000,0x0000000082592f60,0x0000000087400000)
 Metaspace       used 15567K, capacity 16412K, committed 16512K, reserved 1062912K
  class space    used 1880K, capacity 2084K, committed 2176K, reserved 1048576K
Event: 200.147 GC heap after
Heap after GC invocations=25 (full 0):
 PSYoungGen      total 378368K, used 64K [0x00000000d6000000, 0x00000000ed780000, 0x0000000100000000)
  eden space 372224K, 0% used [0x00000000d6000000,0x00000000d6000000,0x00000000ecb80000)
  from space 6144K, 1% used [0x00000000ecb80000,0x00000000ecb90000,0x00000000ed180000)
  to   space 5632K, 0% used [0x00000000ed200000,0x00000000ed200000,0x00000000ed780000)
 ParOldGen       total 86016K, used 5707K [0x0000000082000000, 0x0000000087400000, 0x00000000d6000000)
  object space 86016K, 6% used [0x0000000082000000,0x0000000082592f60,0x0000000087400000)
 Metaspace       used 15567K, capacity 16412K, committed 16512K, reserved 1062912K
  class space    used 1880K, capacity 2084K, committed 2176K, reserved 1048576K
}
Event: 201.941 GC heap before
{Heap before GC invocations=26 (full 0):
 PSYoungGen      total 378368K, used 372288K [0x00000000d6000000, 0x00000000ed780000, 0x0000000100000000)
  eden space 372224K, 100% used [0x00000000d6000000,0x00000000ecb80000,0x00000000ecb80000)
  from space 6144K, 1% used [0x00000000ecb80000,0x00000000ecb90000,0x00000000ed180000)
  to   space 5632K, 0% used [0x00000000ed200000,0x00000000ed200000,0x00000000ed780000)
 ParOldGen       total 86016K, used 5707K [0x0000000082000000, 0x0000000087400000, 0x00000000d6000000)
  object space 86016K, 6% used [0x0000000082000000,0x0000000082592f60,0x0000000087400000)
 Metaspace       used 15569K, capacity 16412K, committed 16512K, reserved 1062912K
  class space    used 1880K, capacity 2084K, committed 2176K, reserved 1048576K
Event: 201.997 GC heap after
Heap after GC invocations=26 (full 0):
 PSYoungGen      total 377856K, used 32K [0x00000000d6000000, 0x00000000ed780000, 0x0000000100000000)
  eden space 372224K, 0% used [0x00000000d6000000,0x00000000d6000000,0x00000000ecb80000)
  from space 5632K, 0% used [0x00000000ed200000,0x00000000ed208000,0x00000000ed780000)
  to   space 6144K, 0% used [0x00000000ecb80000,0x00000000ecb80000,0x00000000ed180000)
 ParOldGen       total 86016K, used 5707K [0x0000000082000000, 0x0000000087400000, 0x00000000d6000000)
  object space 86016K, 6% used [0x0000000082000000,0x0000000082592f60,0x0000000087400000)
 Metaspace       used 15569K, capacity 16412K, committed 16512K, reserved 1062912K
  class space    used 1880K, capacity 2084K, committed 2176K, reserved 1048576K
}
Event: 204.096 GC heap before
{Heap before GC invocations=27 (full 0):
 PSYoungGen      total 377856K, used 372256K [0x00000000d6000000, 0x00000000ed780000, 0x0000000100000000)
  eden space 372224K, 100% used [0x00000000d6000000,0x00000000ecb80000,0x00000000ecb80000)
  from space 5632K, 0% used [0x00000000ed200000,0x00000000ed208000,0x00000000ed780000)
  to   space 6144K, 0% used [0x00000000ecb80000,0x00000000ecb80000,0x00000000ed180000)
 ParOldGen       total 86016K, used 5707K [0x0000000082000000, 0x0000000087400000, 0x00000000d6000000)
  object space 86016K, 6% used [0x0000000082000000,0x0000000082592f60,0x0000000087400000)
 Metaspace       used 15569K, capacity 16412K, committed 16512K, reserved 1062912K
  class space    used 1880K, capacity 2084K, committed 2176K, reserved 1048576K
Event: 204.138 GC heap after
Heap after GC invocations=27 (full 0):
 PSYoungGen      total 378368K, used 64K [0x00000000d6000000, 0x00000000ed780000, 0x0000000100000000)
  eden space 372224K, 0% used [0x00000000d6000000,0x00000000d6000000,0x00000000ecb80000)
  from space 6144K, 1% used [0x00000000ecb80000,0x00000000ecb90000,0x00000000ed180000)
  to   space 5632K, 0% used [0x00000000ed200000,0x00000000ed200000,0x00000000ed780000)
 ParOldGen       total 86016K, used 5715K [0x0000000082000000, 0x0000000087400000, 0x00000000d6000000)
  object space 86016K, 6% used [0x0000000082000000,0x0000000082594f60,0x0000000087400000)
 Metaspace       used 15569K, capacity 16412K, committed 16512K, reserved 1062912K
  class space    used 1880K, capacity 2084K, committed 2176K, reserved 1048576K
}

