# JRE version: Java(TM) SE Runtime Environment (8.0_202-b08) (build 1.8.0_202-b08)
# Java VM: Java HotSpot(TM) 64-Bit Server VM (25.202-b08 mixed mode windows-amd64 compressed oops)
Heap:
 PSYoungGen      total 686592K, used 397798K [0x00000000d6000000, 0x00000000fff80000, 0x0000000100000000)
  eden space 686080K, 57% used [0x00000000d6000000,0x00000000ee469a38,0x00000000ffe00000)
  from space 512K, 12% used [0x00000000ffe80000,0x00000000ffe90000,0x00000000fff00000)
  to   space 512K, 0% used [0x00000000ffe00000,0x00000000ffe00000,0x00000000ffe80000)
 ParOldGen       total 86016K, used 6118K [0x0000000082000000, 0x0000000087400000, 0x00000000d6000000)
  object space 86016K, 7% used [0x0000000082000000,0x00000000825f9850,0x0000000087400000)
 Metaspace       used 15865K, capacity 16636K, committed 16768K, reserved 1064960K
  class space    used 1882K, capacity 2084K, committed 2176K, reserved 1048576K
GC Heap History (10 events):
Event: 1374.624 GC heap before
{Heap before GC invocations=52 (full 0):
 PSYoungGen      total 458240K, used 457248K [0x00000000d6000000, 0x00000000f7e80000, 0x0000000100000000)
  eden space 457216K, 100% used [0x00000000d6000000,0x00000000f1e80000,0x00000000f1e80000)
  from space 1024K, 3% used [0x00000000f1e80000,0x00000000f1e88000,0x00000000f1f80000)
  to   space 1024K, 0% used [0x00000000f7d80000,0x00000000f7d80000,0x00000000f7e80000)
 ParOldGen       total 86016K, used 6110K [0x0000000082000000, 0x0000000087400000, 0x00000000d6000000)
  object space 86016K, 7% used [0x0000000082000000,0x00000000825f7850,0x0000000087400000)
 Metaspace       used 15863K, capacity 16636K, committed 16768K, reserved 1064960K
  class space    used 1882K, capacity 2084K, committed 2176K, reserved 1048576K
Event: 1375.996 GC heap after
Heap after GC invocations=52 (full 0):
 PSYoungGen      total 554496K, used 32K [0x00000000d6000000, 0x00000000f7e80000, 0x0000000100000000)
  eden space 553472K, 0% used [0x00000000d6000000,0x00000000d6000000,0x00000000f7c80000)
  from space 1024K, 3% used [0x00000000f7d80000,0x00000000f7d88000,0x00000000f7e80000)
  to   space 1024K, 0% used [0x00000000f7c80000,0x00000000f7c80000,0x00000000f7d80000)
 ParOldGen       total 86016K, used 6110K [0x0000000082000000, 0x0000000087400000, 0x00000000d6000000)
  object space 86016K, 7% used [0x0000000082000000,0x00000000825f7850,0x0000000087400000)
 Metaspace       used 15863K, capacity 16636K, committed 16768K, reserved 1064960K
  class space    used 1882K, capacity 2084K, committed 2176K, reserved 1048576K
}
Event: 1403.094 GC heap before
{Heap before GC invocations=53 (full 0):
 PSYoungGen      total 554496K, used 553504K [0x00000000d6000000, 0x00000000f7e80000, 0x0000000100000000)
  eden space 553472K, 100% used [0x00000000d6000000,0x00000000f7c80000,0x00000000f7c80000)
  from space 1024K, 3% used [0x00000000f7d80000,0x00000000f7d88000,0x00000000f7e80000)
  to   space 1024K, 0% used [0x00000000f7c80000,0x00000000f7c80000,0x00000000f7d80000)
 ParOldGen       total 86016K, used 6110K [0x0000000082000000, 0x0000000087400000, 0x00000000d6000000)
  object space 86016K, 7% used [0x0000000082000000,0x00000000825f7850,0x0000000087400000)
 Metaspace       used 15863K, capacity 16636K, committed 16768K, reserved 1064960K
  class space    used 1882K, capacity 2084K, committed 2176K, reserved 1048576K
Event: 1403.930 GC heap after
Heap after GC invocations=53 (full 0):
 PSYoungGen      total 554496K, used 64K [0x00000000d6000000, 0x00000000ff080000, 0x0000000100000000)
  eden space 553472K, 0% used [0x00000000d6000000,0x00000000d6000000,0x00000000f7c80000)
  from space 1024K, 6% used [0x00000000f7c80000,0x00000000f7c90000,0x00000000f7d80000)
  to   space 1024K, 0% used [0x00000000fef80000,0x00000000fef80000,0x00000000ff080000)
 ParOldGen       total 86016K, used 6110K [0x0000000082000000, 0x0000000087400000, 0x00000000d6000000)
  object space 86016K, 7% used [0x0000000082000000,0x00000000825f7850,0x0000000087400000)
 Metaspace       used 15863K, capacity 16636K, committed 16768K, reserved 1064960K
  class space    used 1882K, capacity 2084K, committed 2176K, reserved 1048576K
}
Event: 1452.705 GC heap before
{Heap before GC invocations=54 (full 0):
 PSYoungGen      total 554496K, used 553536K [0x00000000d6000000, 0x00000000ff080000, 0x0000000100000000)
  eden space 553472K, 100% used [0x00000000d6000000,0x00000000f7c80000,0x00000000f7c80000)
  from space 1024K, 6% used [0x00000000f7c80000,0x00000000f7c90000,0x00000000f7d80000)
  to   space 1024K, 0% used [0x00000000fef80000,0x00000000fef80000,0x00000000ff080000)
 ParOldGen       total 86016K, used 6110K [0x0000000082000000, 0x0000000087400000, 0x00000000d6000000)
  object space 86016K, 7% used [0x0000000082000000,0x00000000825f7850,0x0000000087400000)
 Metaspace       used 15863K, capacity 16636K, committed 16768K, reserved 1064960K
  class space    used 1882K, capacity 2084K, committed 2176K, reserved 1048576K
Event: 1455.423 GC heap after
Heap after GC invocations=54 (full 0):
 PSYoungGen      total 671232K, used 64K [0x00000000d6000000, 0x00000000ff080000, 0x0000000100000000)
  eden space 670208K, 0% used [0x00000000d6000000,0x00000000d6000000,0x00000000fee80000)
  from space 1024K, 6% used [0x00000000fef80000,0x00000000fef90000,0x00000000ff080000)
  to   space 1024K, 0% used [0x00000000fee80000,0x00000000fee80000,0x00000000fef80000)
 ParOldGen       total 86016K, used 6118K [0x0000000082000000, 0x0000000087400000, 0x00000000d6000000)
  object space 86016K, 7% used [0x0000000082000000,0x00000000825f9850,0x0000000087400000)
 Metaspace       used 15863K, capacity 16636K, committed 16768K, reserved 1064960K
  class space    used 1882K, capacity 2084K, committed 2176K, reserved 1048576K
}
Event: 1521.407 GC heap before
{Heap before GC invocations=55 (full 0):
 PSYoungGen      total 671232K, used 670272K [0x00000000d6000000, 0x00000000ff080000, 0x0000000100000000)
  eden space 670208K, 100% used [0x00000000d6000000,0x00000000fee80000,0x00000000fee80000)
  from space 1024K, 6% used [0x00000000fef80000,0x00000000fef90000,0x00000000ff080000)
  to   space 1024K, 0% used [0x00000000fee80000,0x00000000fee80000,0x00000000fef80000)
 ParOldGen       total 86016K, used 6118K [0x0000000082000000, 0x0000000087400000, 0x00000000d6000000)
  object space 86016K, 7% used [0x0000000082000000,0x00000000825f9850,0x0000000087400000)
 Metaspace       used 15865K, capacity 16636K, committed 16768K, reserved 1064960K
  class space    used 1882K, capacity 2084K, committed 2176K, reserved 1048576K
Event: 1522.121 GC heap after
Heap after GC invocations=55 (full 0):
 PSYoungGen      total 671232K, used 96K [0x00000000d6000000, 0x00000000fff00000, 0x0000000100000000)
  eden space 670208K, 0% used [0x00000000d6000000,0x00000000d6000000,0x00000000fee80000)
  from space 1024K, 9% used [0x00000000fee80000,0x00000000fee98000,0x00000000fef80000)
  to   space 512K, 0% used [0x00000000ffe80000,0x00000000ffe80000,0x00000000fff00000)
 ParOldGen       total 86016K, used 6118K [0x0000000082000000, 0x0000000087400000, 0x00000000d6000000)
  object space 86016K, 7% used [0x0000000082000000,0x00000000825f9850,0x0000000087400000)
 Metaspace       used 15865K, capacity 16636K, committed 16768K, reserved 1064960K
  class space    used 1882K, capacity 2084K, committed 2176K, reserved 1048576K
}
Event: 1590.387 GC heap before
{Heap before GC invocations=56 (full 0):
 PSYoungGen      total 671232K, used 670304K [0x00000000d6000000, 0x00000000fff00000, 0x0000000100000000)
  eden space 670208K, 100% used [0x00000000d6000000,0x00000000fee80000,0x00000000fee80000)
  from space 1024K, 9% used [0x00000000fee80000,0x00000000fee98000,0x00000000fef80000)
  to   space 512K, 0% used [0x00000000ffe80000,0x00000000ffe80000,0x00000000fff00000)
 ParOldGen       total 86016K, used 6118K [0x0000000082000000, 0x0000000087400000, 0x00000000d6000000)
  object space 86016K, 7% used [0x0000000082000000,0x00000000825f9850,0x0000000087400000)
 Metaspace       used 15865K, capacity 16636K, committed 16768K, reserved 1064960K
  class space    used 1882K, capacity 2084K, committed 2176K, reserved 1048576K
Event: 1590.935 GC heap after
Heap after GC invocations=56 (full 0):
 PSYoungGen      total 686592K, used 64K [0x00000000d6000000, 0x00000000fff80000, 0x0000000100000000)
  eden space 686080K, 0% used [0x00000000d6000000,0x00000000d6000000,0x00000000ffe00000)
  from space 512K, 12% used [0x00000000ffe80000,0x00000000ffe90000,0x00000000fff00000)
  to   space 512K, 0% used [0x00000000ffe00000,0x00000000ffe00000,0x00000000ffe80000)
 ParOldGen       total 86016K, used 6118K [0x0000000082000000, 0x0000000087400000, 0x00000000d6000000)
  object space 86016K, 7% used [0x0000000082000000,0x00000000825f9850,0x0000000087400000)
 Metaspace       used 15865K, capacity 16636K, committed 16768K, reserved 1064960K
  class space    used 1882K, capacity 2084K, committed 2176K, reserved 1048576K
}

