# JRE version: Java(TM) SE Runtime Environment (8.0_202-b08) (build 1.8.0_202-b08)
# Java VM: Java HotSpot(TM) 64-Bit Server VM (25.202-b08 mixed mode windows-amd64 compressed oops)
Heap:
 PSYoungGen      total 429056K, used 428064K [0x00000000d6000000, 0x00000000f0400000, 0x0000000100000000)
  eden space 428032K, 100% used [0x00000000d6000000,0x00000000f0200000,0x00000000f0200000)
  from space 1024K, 3% used [0x00000000f0200000,0x00000000f0208000,0x00000000f0300000)
  to   space 1024K, 0% used [0x00000000f0300000,0x00000000f0300000,0x00000000f0400000)
 ParOldGen       total 86016K, used 6029K [0x0000000082000000, 0x0000000087400000, 0x00000000d6000000)
  object space 86016K, 7% used [0x0000000082000000,0x00000000825e3758,0x0000000087400000)
 Metaspace       used 15851K, capacity 16642K, committed 16768K, reserved 1064960K
  class space    used 1884K, capacity 2085K, committed 2176K, reserved 1048576K
GC Heap History (10 events):
Event: 1417.601 GC heap before
{Heap before GC invocations=45 (full 0):
 PSYoungGen      total 352256K, used 350784K [0x00000000d6000000, 0x00000000eb980000, 0x0000000100000000)
  eden space 350720K, 100% used [0x00000000d6000000,0x00000000eb680000,0x00000000eb680000)
  from space 1536K, 4% used [0x00000000eb800000,0x00000000eb810000,0x00000000eb980000)
  to   space 1536K, 0% used [0x00000000eb680000,0x00000000eb680000,0x00000000eb800000)
 ParOldGen       total 86016K, used 6021K [0x0000000082000000, 0x0000000087400000, 0x00000000d6000000)
  object space 86016K, 7% used [0x0000000082000000,0x00000000825e1758,0x0000000087400000)
 Metaspace       used 15851K, capacity 16642K, committed 16768K, reserved 1064960K
  class space    used 1884K, capacity 2085K, committed 2176K, reserved 1048576K
Event: 1418.183 GC heap after
Heap after GC invocations=45 (full 0):
 PSYoungGen      total 352256K, used 64K [0x00000000d6000000, 0x00000000eb980000, 0x0000000100000000)
  eden space 350720K, 0% used [0x00000000d6000000,0x00000000d6000000,0x00000000eb680000)
  from space 1536K, 4% used [0x00000000eb680000,0x00000000eb690000,0x00000000eb800000)
  to   space 1536K, 0% used [0x00000000eb800000,0x00000000eb800000,0x00000000eb980000)
 ParOldGen       total 86016K, used 6021K [0x0000000082000000, 0x0000000087400000, 0x00000000d6000000)
  object space 86016K, 7% used [0x0000000082000000,0x00000000825e1758,0x0000000087400000)
 Metaspace       used 15851K, capacity 16642K, committed 16768K, reserved 1064960K
  class space    used 1884K, capacity 2085K, committed 2176K, reserved 1048576K
}
Event: 1427.051 GC heap before
{Heap before GC invocations=46 (full 0):
 PSYoungGen      total 352256K, used 350784K [0x00000000d6000000, 0x00000000eb980000, 0x0000000100000000)
  eden space 350720K, 100% used [0x00000000d6000000,0x00000000eb680000,0x00000000eb680000)
  from space 1536K, 4% used [0x00000000eb680000,0x00000000eb690000,0x00000000eb800000)
  to   space 1536K, 0% used [0x00000000eb800000,0x00000000eb800000,0x00000000eb980000)
 ParOldGen       total 86016K, used 6021K [0x0000000082000000, 0x0000000087400000, 0x00000000d6000000)
  object space 86016K, 7% used [0x0000000082000000,0x00000000825e1758,0x0000000087400000)
 Metaspace       used 15851K, capacity 16642K, committed 16768K, reserved 1064960K
  class space    used 1884K, capacity 2085K, committed 2176K, reserved 1048576K
Event: 1427.650 GC heap after
Heap after GC invocations=46 (full 0):
 PSYoungGen      total 352256K, used 32K [0x00000000d6000000, 0x00000000eb980000, 0x0000000100000000)
  eden space 350720K, 0% used [0x00000000d6000000,0x00000000d6000000,0x00000000eb680000)
  from space 1536K, 2% used [0x00000000eb800000,0x00000000eb808000,0x00000000eb980000)
  to   space 1536K, 0% used [0x00000000eb680000,0x00000000eb680000,0x00000000eb800000)
 ParOldGen       total 86016K, used 6029K [0x0000000082000000, 0x0000000087400000, 0x00000000d6000000)
  object space 86016K, 7% used [0x0000000082000000,0x00000000825e3758,0x0000000087400000)
 Metaspace       used 15851K, capacity 16642K, committed 16768K, reserved 1064960K
  class space    used 1884K, capacity 2085K, committed 2176K, reserved 1048576K
}
Event: 1434.087 GC heap before
{Heap before GC invocations=47 (full 0):
 PSYoungGen      total 352256K, used 350752K [0x00000000d6000000, 0x00000000eb980000, 0x0000000100000000)
  eden space 350720K, 100% used [0x00000000d6000000,0x00000000eb680000,0x00000000eb680000)
  from space 1536K, 2% used [0x00000000eb800000,0x00000000eb808000,0x00000000eb980000)
  to   space 1536K, 0% used [0x00000000eb680000,0x00000000eb680000,0x00000000eb800000)
 ParOldGen       total 86016K, used 6029K [0x0000000082000000, 0x0000000087400000, 0x00000000d6000000)
  object space 86016K, 7% used [0x0000000082000000,0x00000000825e3758,0x0000000087400000)
 Metaspace       used 15851K, capacity 16642K, committed 16768K, reserved 1064960K
  class space    used 1884K, capacity 2085K, committed 2176K, reserved 1048576K
Event: 1434.531 GC heap after
Heap after GC invocations=47 (full 0):
 PSYoungGen      total 352256K, used 64K [0x00000000d6000000, 0x00000000f0400000, 0x0000000100000000)
  eden space 350720K, 0% used [0x00000000d6000000,0x00000000d6000000,0x00000000eb680000)
  from space 1536K, 4% used [0x00000000eb680000,0x00000000eb690000,0x00000000eb800000)
  to   space 1024K, 0% used [0x00000000f0300000,0x00000000f0300000,0x00000000f0400000)
 ParOldGen       total 86016K, used 6029K [0x0000000082000000, 0x0000000087400000, 0x00000000d6000000)
  object space 86016K, 7% used [0x0000000082000000,0x00000000825e3758,0x0000000087400000)
 Metaspace       used 15851K, capacity 16642K, committed 16768K, reserved 1064960K
  class space    used 1884K, capacity 2085K, committed 2176K, reserved 1048576K
}
Event: 1446.000 GC heap before
{Heap before GC invocations=48 (full 0):
 PSYoungGen      total 352256K, used 350784K [0x00000000d6000000, 0x00000000f0400000, 0x0000000100000000)
  eden space 350720K, 100% used [0x00000000d6000000,0x00000000eb680000,0x00000000eb680000)
  from space 1536K, 4% used [0x00000000eb680000,0x00000000eb690000,0x00000000eb800000)
  to   space 1024K, 0% used [0x00000000f0300000,0x00000000f0300000,0x00000000f0400000)
 ParOldGen       total 86016K, used 6029K [0x0000000082000000, 0x0000000087400000, 0x00000000d6000000)
  object space 86016K, 7% used [0x0000000082000000,0x00000000825e3758,0x0000000087400000)
 Metaspace       used 15851K, capacity 16642K, committed 16768K, reserved 1064960K
  class space    used 1884K, capacity 2085K, committed 2176K, reserved 1048576K
Event: 1446.134 GC heap after
Heap after GC invocations=48 (full 0):
 PSYoungGen      total 429056K, used 64K [0x00000000d6000000, 0x00000000f0400000, 0x0000000100000000)
  eden space 428032K, 0% used [0x00000000d6000000,0x00000000d6000000,0x00000000f0200000)
  from space 1024K, 6% used [0x00000000f0300000,0x00000000f0310000,0x00000000f0400000)
  to   space 1024K, 0% used [0x00000000f0200000,0x00000000f0200000,0x00000000f0300000)
 ParOldGen       total 86016K, used 6029K [0x0000000082000000, 0x0000000087400000, 0x00000000d6000000)
  object space 86016K, 7% used [0x0000000082000000,0x00000000825e3758,0x0000000087400000)
 Metaspace       used 15851K, capacity 16642K, committed 16768K, reserved 1064960K
  class space    used 1884K, capacity 2085K, committed 2176K, reserved 1048576K
}
Event: 1451.244 GC heap before
{Heap before GC invocations=49 (full 0):
 PSYoungGen      total 429056K, used 428096K [0x00000000d6000000, 0x00000000f0400000, 0x0000000100000000)
  eden space 428032K, 100% used [0x00000000d6000000,0x00000000f0200000,0x00000000f0200000)
  from space 1024K, 6% used [0x00000000f0300000,0x00000000f0310000,0x00000000f0400000)
  to   space 1024K, 0% used [0x00000000f0200000,0x00000000f0200000,0x00000000f0300000)
 ParOldGen       total 86016K, used 6029K [0x0000000082000000, 0x0000000087400000, 0x00000000d6000000)
  object space 86016K, 7% used [0x0000000082000000,0x00000000825e3758,0x0000000087400000)
 Metaspace       used 15851K, capacity 16642K, committed 16768K, reserved 1064960K
  class space    used 1884K, capacity 2085K, committed 2176K, reserved 1048576K
Event: 1452.800 GC heap after
Heap after GC invocations=49 (full 0):
 PSYoungGen      total 429056K, used 32K [0x00000000d6000000, 0x00000000f0400000, 0x0000000100000000)
  eden space 428032K, 0% used [0x00000000d6000000,0x00000000d6000000,0x00000000f0200000)
  from space 1024K, 3% used [0x00000000f0200000,0x00000000f0208000,0x00000000f0300000)
  to   space 1024K, 0% used [0x00000000f0300000,0x00000000f0300000,0x00000000f0400000)
 ParOldGen       total 86016K, used 6029K [0x0000000082000000, 0x0000000087400000, 0x00000000d6000000)
  object space 86016K, 7% used [0x0000000082000000,0x00000000825e3758,0x0000000087400000)
 Metaspace       used 15851K, capacity 16642K, committed 16768K, reserved 1064960K
  class space    used 1884K, capacity 2085K, committed 2176K, reserved 1048576K
}

