# JRE version: Java(TM) SE Runtime Environment (8.0_202-b08) (build 1.8.0_202-b08)
# Java VM: Java HotSpot(TM) 64-Bit Server VM (25.202-b08 mixed mode windows-amd64 compressed oops)
Heap:
 PSYoungGen      total 686592K, used 55572K [0x00000000d6000000, 0x0000000100000000, 0x0000000100000000)
  eden space 685056K, 8% used [0x00000000d6000000,0x00000000d962d070,0x00000000ffd00000)
  from space 1536K, 6% used [0x00000000ffd00000,0x00000000ffd18000,0x00000000ffe80000)
  to   space 1536K, 0% used [0x00000000ffe80000,0x00000000ffe80000,0x0000000100000000)
 ParOldGen       total 86016K, used 5958K [0x0000000082000000, 0x0000000087400000, 0x00000000d6000000)
  object space 86016K, 6% used [0x0000000082000000,0x00000000825d1a90,0x0000000087400000)
 Metaspace       used 15851K, capacity 16642K, committed 16768K, reserved 1064960K
  class space    used 1883K, capacity 2085K, committed 2176K, reserved 1048576K
GC Heap History (10 events):
Event: 1682.182 GC heap before
{Heap before GC invocations=41 (full 0):
 PSYoungGen      total 464384K, used 463392K [0x00000000d6000000, 0x00000000f2780000, 0x0000000100000000)
  eden space 463360K, 100% used [0x00000000d6000000,0x00000000f2480000,0x00000000f2480000)
  from space 1024K, 3% used [0x00000000f2680000,0x00000000f2688000,0x00000000f2780000)
  to   space 1536K, 0% used [0x00000000f2480000,0x00000000f2480000,0x00000000f2600000)
 ParOldGen       total 86016K, used 5950K [0x0000000082000000, 0x0000000087400000, 0x00000000d6000000)
  object space 86016K, 6% used [0x0000000082000000,0x00000000825cfa90,0x0000000087400000)
 Metaspace       used 15851K, capacity 16642K, committed 16768K, reserved 1064960K
  class space    used 1883K, capacity 2085K, committed 2176K, reserved 1048576K
Event: 1682.794 GC heap after
Heap after GC invocations=41 (full 0):
 PSYoungGen      total 464896K, used 64K [0x00000000d6000000, 0x00000000f8b80000, 0x0000000100000000)
  eden space 463360K, 0% used [0x00000000d6000000,0x00000000d6000000,0x00000000f2480000)
  from space 1536K, 4% used [0x00000000f2480000,0x00000000f2490000,0x00000000f2600000)
  to   space 1536K, 0% used [0x00000000f8a00000,0x00000000f8a00000,0x00000000f8b80000)
 ParOldGen       total 86016K, used 5958K [0x0000000082000000, 0x0000000087400000, 0x00000000d6000000)
  object space 86016K, 6% used [0x0000000082000000,0x00000000825d1a90,0x0000000087400000)
 Metaspace       used 15851K, capacity 16642K, committed 16768K, reserved 1064960K
  class space    used 1883K, capacity 2085K, committed 2176K, reserved 1048576K
}
Event: 1717.644 GC heap before
{Heap before GC invocations=42 (full 0):
 PSYoungGen      total 464896K, used 463424K [0x00000000d6000000, 0x00000000f8b80000, 0x0000000100000000)
  eden space 463360K, 100% used [0x00000000d6000000,0x00000000f2480000,0x00000000f2480000)
  from space 1536K, 4% used [0x00000000f2480000,0x00000000f2490000,0x00000000f2600000)
  to   space 1536K, 0% used [0x00000000f8a00000,0x00000000f8a00000,0x00000000f8b80000)
 ParOldGen       total 86016K, used 5958K [0x0000000082000000, 0x0000000087400000, 0x00000000d6000000)
  object space 86016K, 6% used [0x0000000082000000,0x00000000825d1a90,0x0000000087400000)
 Metaspace       used 15851K, capacity 16642K, committed 16768K, reserved 1064960K
  class space    used 1883K, capacity 2085K, committed 2176K, reserved 1048576K
Event: 1717.815 GC heap after
Heap after GC invocations=42 (full 0):
 PSYoungGen      total 567296K, used 96K [0x00000000d6000000, 0x00000000f8b80000, 0x0000000100000000)
  eden space 565760K, 0% used [0x00000000d6000000,0x00000000d6000000,0x00000000f8880000)
  from space 1536K, 6% used [0x00000000f8a00000,0x00000000f8a18000,0x00000000f8b80000)
  to   space 1536K, 0% used [0x00000000f8880000,0x00000000f8880000,0x00000000f8a00000)
 ParOldGen       total 86016K, used 5958K [0x0000000082000000, 0x0000000087400000, 0x00000000d6000000)
  object space 86016K, 6% used [0x0000000082000000,0x00000000825d1a90,0x0000000087400000)
 Metaspace       used 15851K, capacity 16642K, committed 16768K, reserved 1064960K
  class space    used 1883K, capacity 2085K, committed 2176K, reserved 1048576K
}
Event: 1745.876 GC heap before
{Heap before GC invocations=43 (full 0):
 PSYoungGen      total 567296K, used 565856K [0x00000000d6000000, 0x00000000f8b80000, 0x0000000100000000)
  eden space 565760K, 100% used [0x00000000d6000000,0x00000000f8880000,0x00000000f8880000)
  from space 1536K, 6% used [0x00000000f8a00000,0x00000000f8a18000,0x00000000f8b80000)
  to   space 1536K, 0% used [0x00000000f8880000,0x00000000f8880000,0x00000000f8a00000)
 ParOldGen       total 86016K, used 5958K [0x0000000082000000, 0x0000000087400000, 0x00000000d6000000)
  object space 86016K, 6% used [0x0000000082000000,0x00000000825d1a90,0x0000000087400000)
 Metaspace       used 15851K, capacity 16642K, committed 16768K, reserved 1064960K
  class space    used 1883K, capacity 2085K, committed 2176K, reserved 1048576K
Event: 1746.525 GC heap after
Heap after GC invocations=43 (full 0):
 PSYoungGen      total 567296K, used 64K [0x00000000d6000000, 0x0000000100000000, 0x0000000100000000)
  eden space 565760K, 0% used [0x00000000d6000000,0x00000000d6000000,0x00000000f8880000)
  from space 1536K, 4% used [0x00000000f8880000,0x00000000f8890000,0x00000000f8a00000)
  to   space 1536K, 0% used [0x00000000ffe80000,0x00000000ffe80000,0x0000000100000000)
 ParOldGen       total 86016K, used 5958K [0x0000000082000000, 0x0000000087400000, 0x00000000d6000000)
  object space 86016K, 6% used [0x0000000082000000,0x00000000825d1a90,0x0000000087400000)
 Metaspace       used 15851K, capacity 16642K, committed 16768K, reserved 1064960K
  class space    used 1883K, capacity 2085K, committed 2176K, reserved 1048576K
}
Event: 1767.347 GC heap before
{Heap before GC invocations=44 (full 0):
 PSYoungGen      total 567296K, used 565824K [0x00000000d6000000, 0x0000000100000000, 0x0000000100000000)
  eden space 565760K, 100% used [0x00000000d6000000,0x00000000f8880000,0x00000000f8880000)
  from space 1536K, 4% used [0x00000000f8880000,0x00000000f8890000,0x00000000f8a00000)
  to   space 1536K, 0% used [0x00000000ffe80000,0x00000000ffe80000,0x0000000100000000)
 ParOldGen       total 86016K, used 5958K [0x0000000082000000, 0x0000000087400000, 0x00000000d6000000)
  object space 86016K, 6% used [0x0000000082000000,0x00000000825d1a90,0x0000000087400000)
 Metaspace       used 15851K, capacity 16642K, committed 16768K, reserved 1064960K
  class space    used 1883K, capacity 2085K, committed 2176K, reserved 1048576K
Event: 1767.699 GC heap after
Heap after GC invocations=44 (full 0):
 PSYoungGen      total 686592K, used 64K [0x00000000d6000000, 0x0000000100000000, 0x0000000100000000)
  eden space 685056K, 0% used [0x00000000d6000000,0x00000000d6000000,0x00000000ffd00000)
  from space 1536K, 4% used [0x00000000ffe80000,0x00000000ffe90000,0x0000000100000000)
  to   space 1536K, 0% used [0x00000000ffd00000,0x00000000ffd00000,0x00000000ffe80000)
 ParOldGen       total 86016K, used 5958K [0x0000000082000000, 0x0000000087400000, 0x00000000d6000000)
  object space 86016K, 6% used [0x0000000082000000,0x00000000825d1a90,0x0000000087400000)
 Metaspace       used 15851K, capacity 16642K, committed 16768K, reserved 1064960K
  class space    used 1883K, capacity 2085K, committed 2176K, reserved 1048576K
}
Event: 1829.576 GC heap before
{Heap before GC invocations=45 (full 0):
 PSYoungGen      total 686592K, used 685120K [0x00000000d6000000, 0x0000000100000000, 0x0000000100000000)
  eden space 685056K, 100% used [0x00000000d6000000,0x00000000ffd00000,0x00000000ffd00000)
  from space 1536K, 4% used [0x00000000ffe80000,0x00000000ffe90000,0x0000000100000000)
  to   space 1536K, 0% used [0x00000000ffd00000,0x00000000ffd00000,0x00000000ffe80000)
 ParOldGen       total 86016K, used 5958K [0x0000000082000000, 0x0000000087400000, 0x00000000d6000000)
  object space 86016K, 6% used [0x0000000082000000,0x00000000825d1a90,0x0000000087400000)
 Metaspace       used 15851K, capacity 16642K, committed 16768K, reserved 1064960K
  class space    used 1883K, capacity 2085K, committed 2176K, reserved 1048576K
Event: 1843.750 GC heap after
Heap after GC invocations=45 (full 0):
 PSYoungGen      total 686592K, used 96K [0x00000000d6000000, 0x0000000100000000, 0x0000000100000000)
  eden space 685056K, 0% used [0x00000000d6000000,0x00000000d6000000,0x00000000ffd00000)
  from space 1536K, 6% used [0x00000000ffd00000,0x00000000ffd18000,0x00000000ffe80000)
  to   space 1536K, 0% used [0x00000000ffe80000,0x00000000ffe80000,0x0000000100000000)
 ParOldGen       total 86016K, used 5958K [0x0000000082000000, 0x0000000087400000, 0x00000000d6000000)
  object space 86016K, 6% used [0x0000000082000000,0x00000000825d1a90,0x0000000087400000)
 Metaspace       used 15851K, capacity 16642K, committed 16768K, reserved 1064960K
  class space    used 1883K, capacity 2085K, committed 2176K, reserved 1048576K
}

