# JRE version: Java(TM) SE Runtime Environment (8.0_202-b08) (build 1.8.0_202-b08)
# Java VM: Java HotSpot(TM) 64-Bit Server VM (25.202-b08 mixed mode windows-amd64 compressed oops)
Heap:
 PSYoungGen      total 273408K, used 152937K [0x00000000d6000000, 0x00000000e7280000, 0x0000000100000000)
  eden space 265728K, 57% used [0x00000000d6000000,0x00000000df5527f8,0x00000000e6380000)
  from space 7680K, 0% used [0x00000000e6380000,0x00000000e6388000,0x00000000e6b00000)
  to   space 7168K, 0% used [0x00000000e6b80000,0x00000000e6b80000,0x00000000e7280000)
 ParOldGen       total 86016K, used 5766K [0x0000000082000000, 0x0000000087400000, 0x00000000d6000000)
  object space 86016K, 6% used [0x0000000082000000,0x00000000825a19c8,0x0000000087400000)
 Metaspace       used 15814K, capacity 16642K, committed 16768K, reserved 1064960K
  class space    used 1882K, capacity 2085K, committed 2176K, reserved 1048576K
GC Heap History (10 events):
Event: 357.757 GC heap before
{Heap before GC invocations=11 (full 0):
 PSYoungGen      total 111616K, used 103488K [0x00000000d6000000, 0x00000000dd500000, 0x0000000100000000)
  eden space 103424K, 100% used [0x00000000d6000000,0x00000000dc500000,0x00000000dc500000)
  from space 8192K, 0% used [0x00000000dcd00000,0x00000000dcd10000,0x00000000dd500000)
  to   space 8192K, 0% used [0x00000000dc500000,0x00000000dc500000,0x00000000dcd00000)
 ParOldGen       total 86016K, used 5758K [0x0000000082000000, 0x0000000087400000, 0x00000000d6000000)
  object space 86016K, 6% used [0x0000000082000000,0x000000008259f9c8,0x0000000087400000)
 Metaspace       used 15806K, capacity 16626K, committed 16768K, reserved 1064960K
  class space    used 1882K, capacity 2085K, committed 2176K, reserved 1048576K
Event: 358.256 GC heap after
Heap after GC invocations=11 (full 0):
 PSYoungGen      total 111616K, used 64K [0x00000000d6000000, 0x00000000e1200000, 0x0000000100000000)
  eden space 103424K, 0% used [0x00000000d6000000,0x00000000d6000000,0x00000000dc500000)
  from space 8192K, 0% used [0x00000000dc500000,0x00000000dc510000,0x00000000dcd00000)
  to   space 8192K, 0% used [0x00000000e0a00000,0x00000000e0a00000,0x00000000e1200000)
 ParOldGen       total 86016K, used 5758K [0x0000000082000000, 0x0000000087400000, 0x00000000d6000000)
  object space 86016K, 6% used [0x0000000082000000,0x000000008259f9c8,0x0000000087400000)
 Metaspace       used 15806K, capacity 16626K, committed 16768K, reserved 1064960K
  class space    used 1882K, capacity 2085K, committed 2176K, reserved 1048576K
}
Event: 363.861 GC heap before
{Heap before GC invocations=12 (full 0):
 PSYoungGen      total 111616K, used 103488K [0x00000000d6000000, 0x00000000e1200000, 0x0000000100000000)
  eden space 103424K, 100% used [0x00000000d6000000,0x00000000dc500000,0x00000000dc500000)
  from space 8192K, 0% used [0x00000000dc500000,0x00000000dc510000,0x00000000dcd00000)
  to   space 8192K, 0% used [0x00000000e0a00000,0x00000000e0a00000,0x00000000e1200000)
 ParOldGen       total 86016K, used 5758K [0x0000000082000000, 0x0000000087400000, 0x00000000d6000000)
  object space 86016K, 6% used [0x0000000082000000,0x000000008259f9c8,0x0000000087400000)
 Metaspace       used 15806K, capacity 16626K, committed 16768K, reserved 1064960K
  class space    used 1882K, capacity 2085K, committed 2176K, reserved 1048576K
Event: 364.453 GC heap after
Heap after GC invocations=12 (full 0):
 PSYoungGen      total 174080K, used 32K [0x00000000d6000000, 0x00000000e1200000, 0x0000000100000000)
  eden space 165888K, 0% used [0x00000000d6000000,0x00000000d6000000,0x00000000e0200000)
  from space 8192K, 0% used [0x00000000e0a00000,0x00000000e0a08000,0x00000000e1200000)
  to   space 8192K, 0% used [0x00000000e0200000,0x00000000e0200000,0x00000000e0a00000)
 ParOldGen       total 86016K, used 5758K [0x0000000082000000, 0x0000000087400000, 0x00000000d6000000)
  object space 86016K, 6% used [0x0000000082000000,0x000000008259f9c8,0x0000000087400000)
 Metaspace       used 15806K, capacity 16626K, committed 16768K, reserved 1064960K
  class space    used 1882K, capacity 2085K, committed 2176K, reserved 1048576K
}
Event: 370.867 GC heap before
{Heap before GC invocations=13 (full 0):
 PSYoungGen      total 174080K, used 165920K [0x00000000d6000000, 0x00000000e1200000, 0x0000000100000000)
  eden space 165888K, 100% used [0x00000000d6000000,0x00000000e0200000,0x00000000e0200000)
  from space 8192K, 0% used [0x00000000e0a00000,0x00000000e0a08000,0x00000000e1200000)
  to   space 8192K, 0% used [0x00000000e0200000,0x00000000e0200000,0x00000000e0a00000)
 ParOldGen       total 86016K, used 5758K [0x0000000082000000, 0x0000000087400000, 0x00000000d6000000)
  object space 86016K, 6% used [0x0000000082000000,0x000000008259f9c8,0x0000000087400000)
 Metaspace       used 15814K, capacity 16642K, committed 16768K, reserved 1064960K
  class space    used 1882K, capacity 2085K, committed 2176K, reserved 1048576K
Event: 371.148 GC heap after
Heap after GC invocations=13 (full 0):
 PSYoungGen      total 174080K, used 32K [0x00000000d6000000, 0x00000000e7380000, 0x0000000100000000)
  eden space 165888K, 0% used [0x00000000d6000000,0x00000000d6000000,0x00000000e0200000)
  from space 8192K, 0% used [0x00000000e0200000,0x00000000e0208000,0x00000000e0a00000)
  to   space 8192K, 0% used [0x00000000e6b80000,0x00000000e6b80000,0x00000000e7380000)
 ParOldGen       total 86016K, used 5758K [0x0000000082000000, 0x0000000087400000, 0x00000000d6000000)
  object space 86016K, 6% used [0x0000000082000000,0x000000008259f9c8,0x0000000087400000)
 Metaspace       used 15814K, capacity 16642K, committed 16768K, reserved 1064960K
  class space    used 1882K, capacity 2085K, committed 2176K, reserved 1048576K
}
Event: 379.712 GC heap before
{Heap before GC invocations=14 (full 0):
 PSYoungGen      total 174080K, used 165920K [0x00000000d6000000, 0x00000000e7380000, 0x0000000100000000)
  eden space 165888K, 100% used [0x00000000d6000000,0x00000000e0200000,0x00000000e0200000)
  from space 8192K, 0% used [0x00000000e0200000,0x00000000e0208000,0x00000000e0a00000)
  to   space 8192K, 0% used [0x00000000e6b80000,0x00000000e6b80000,0x00000000e7380000)
 ParOldGen       total 86016K, used 5758K [0x0000000082000000, 0x0000000087400000, 0x00000000d6000000)
  object space 86016K, 6% used [0x0000000082000000,0x000000008259f9c8,0x0000000087400000)
 Metaspace       used 15814K, capacity 16642K, committed 16768K, reserved 1064960K
  class space    used 1882K, capacity 2085K, committed 2176K, reserved 1048576K
Event: 379.964 GC heap after
Heap after GC invocations=14 (full 0):
 PSYoungGen      total 272896K, used 64K [0x00000000d6000000, 0x00000000e7280000, 0x0000000100000000)
  eden space 265728K, 0% used [0x00000000d6000000,0x00000000d6000000,0x00000000e6380000)
  from space 7168K, 0% used [0x00000000e6b80000,0x00000000e6b90000,0x00000000e7280000)
  to   space 7680K, 0% used [0x00000000e6380000,0x00000000e6380000,0x00000000e6b00000)
 ParOldGen       total 86016K, used 5766K [0x0000000082000000, 0x0000000087400000, 0x00000000d6000000)
  object space 86016K, 6% used [0x0000000082000000,0x00000000825a19c8,0x0000000087400000)
 Metaspace       used 15814K, capacity 16642K, committed 16768K, reserved 1064960K
  class space    used 1882K, capacity 2085K, committed 2176K, reserved 1048576K
}
Event: 392.692 GC heap before
{Heap before GC invocations=15 (full 0):
 PSYoungGen      total 272896K, used 265792K [0x00000000d6000000, 0x00000000e7280000, 0x0000000100000000)
  eden space 265728K, 100% used [0x00000000d6000000,0x00000000e6380000,0x00000000e6380000)
  from space 7168K, 0% used [0x00000000e6b80000,0x00000000e6b90000,0x00000000e7280000)
  to   space 7680K, 0% used [0x00000000e6380000,0x00000000e6380000,0x00000000e6b00000)
 ParOldGen       total 86016K, used 5766K [0x0000000082000000, 0x0000000087400000, 0x00000000d6000000)
  object space 86016K, 6% used [0x0000000082000000,0x00000000825a19c8,0x0000000087400000)
 Metaspace       used 15814K, capacity 16642K, committed 16768K, reserved 1064960K
  class space    used 1882K, capacity 2085K, committed 2176K, reserved 1048576K
Event: 393.043 GC heap after
Heap after GC invocations=15 (full 0):
 PSYoungGen      total 273408K, used 32K [0x00000000d6000000, 0x00000000e7280000, 0x0000000100000000)
  eden space 265728K, 0% used [0x00000000d6000000,0x00000000d6000000,0x00000000e6380000)
  from space 7680K, 0% used [0x00000000e6380000,0x00000000e6388000,0x00000000e6b00000)
  to   space 7168K, 0% used [0x00000000e6b80000,0x00000000e6b80000,0x00000000e7280000)
 ParOldGen       total 86016K, used 5766K [0x0000000082000000, 0x0000000087400000, 0x00000000d6000000)
  object space 86016K, 6% used [0x0000000082000000,0x00000000825a19c8,0x0000000087400000)
 Metaspace       used 15814K, capacity 16642K, committed 16768K, reserved 1064960K
  class space    used 1882K, capacity 2085K, committed 2176K, reserved 1048576K
}

