# JRE version: Java(TM) SE Runtime Environment (8.0_202-b08) (build 1.8.0_202-b08)
# Java VM: Java HotSpot(TM) 64-Bit Server VM (25.202-b08 mixed mode windows-amd64 compressed oops)
Heap:
 PSYoungGen      total 537600K, used 10961K [0x00000000d6000000, 0x00000000f6d80000, 0x0000000100000000)
  eden space 537088K, 2% used [0x00000000d6000000,0x00000000d6aa4580,0x00000000f6c80000)
  from space 512K, 12% used [0x00000000f6d00000,0x00000000f6d10000,0x00000000f6d80000)
  to   space 512K, 0% used [0x00000000f6c80000,0x00000000f6c80000,0x00000000f6d00000)
 ParOldGen       total 86016K, used 6108K [0x0000000082000000, 0x0000000087400000, 0x00000000d6000000)
  object space 86016K, 7% used [0x0000000082000000,0x00000000825f73a0,0x0000000087400000)
 Metaspace       used 16018K, capacity 16842K, committed 17024K, reserved 1064960K
  class space    used 1884K, capacity 2085K, committed 2176K, reserved 1048576K
GC Heap History (10 events):
Event: 1836.540 GC heap before
{Heap before GC invocations=62 (full 0):
 PSYoungGen      total 448000K, used 447584K [0x00000000d6000000, 0x00000000f1600000, 0x0000000100000000)
  eden space 447488K, 100% used [0x00000000d6000000,0x00000000f1500000,0x00000000f1500000)
  from space 512K, 18% used [0x00000000f1500000,0x00000000f1518000,0x00000000f1580000)
  to   space 512K, 0% used [0x00000000f1580000,0x00000000f1580000,0x00000000f1600000)
 ParOldGen       total 86016K, used 6100K [0x0000000082000000, 0x0000000087400000, 0x00000000d6000000)
  object space 86016K, 7% used [0x0000000082000000,0x00000000825f53a0,0x0000000087400000)
 Metaspace       used 16018K, capacity 16842K, committed 17024K, reserved 1064960K
  class space    used 1884K, capacity 2085K, committed 2176K, reserved 1048576K
Event: 1836.858 GC heap after
Heap after GC invocations=62 (full 0):
 PSYoungGen      total 448000K, used 64K [0x00000000d6000000, 0x00000000f6d80000, 0x0000000100000000)
  eden space 447488K, 0% used [0x00000000d6000000,0x00000000d6000000,0x00000000f1500000)
  from space 512K, 12% used [0x00000000f1580000,0x00000000f1590000,0x00000000f1600000)
  to   space 512K, 0% used [0x00000000f1500000,0x00000000f1500000,0x00000000f1580000)
 ParOldGen       total 86016K, used 6100K [0x0000000082000000, 0x0000000087400000, 0x00000000d6000000)
  object space 86016K, 7% used [0x0000000082000000,0x00000000825f53a0,0x0000000087400000)
 Metaspace       used 16018K, capacity 16842K, committed 17024K, reserved 1064960K
  class space    used 1884K, capacity 2085K, committed 2176K, reserved 1048576K
}
Event: 1845.882 GC heap before
{Heap before GC invocations=63 (full 0):
 PSYoungGen      total 448000K, used 447552K [0x00000000d6000000, 0x00000000f6d80000, 0x0000000100000000)
  eden space 447488K, 100% used [0x00000000d6000000,0x00000000f1500000,0x00000000f1500000)
  from space 512K, 12% used [0x00000000f1580000,0x00000000f1590000,0x00000000f1600000)
  to   space 512K, 0% used [0x00000000f1500000,0x00000000f1500000,0x00000000f1580000)
 ParOldGen       total 86016K, used 6100K [0x0000000082000000, 0x0000000087400000, 0x00000000d6000000)
  object space 86016K, 7% used [0x0000000082000000,0x00000000825f53a0,0x0000000087400000)
 Metaspace       used 16018K, capacity 16842K, committed 17024K, reserved 1064960K
  class space    used 1884K, capacity 2085K, committed 2176K, reserved 1048576K
Event: 1846.428 GC heap after
Heap after GC invocations=63 (full 0):
 PSYoungGen      total 448000K, used 32K [0x00000000d6000000, 0x00000000f6d80000, 0x0000000100000000)
  eden space 447488K, 0% used [0x00000000d6000000,0x00000000d6000000,0x00000000f1500000)
  from space 512K, 6% used [0x00000000f1500000,0x00000000f1508000,0x00000000f1580000)
  to   space 512K, 0% used [0x00000000f6d00000,0x00000000f6d00000,0x00000000f6d80000)
 ParOldGen       total 86016K, used 6100K [0x0000000082000000, 0x0000000087400000, 0x00000000d6000000)
  object space 86016K, 7% used [0x0000000082000000,0x00000000825f53a0,0x0000000087400000)
 Metaspace       used 16018K, capacity 16842K, committed 17024K, reserved 1064960K
  class space    used 1884K, capacity 2085K, committed 2176K, reserved 1048576K
}
Event: 1873.608 GC heap before
{Heap before GC invocations=64 (full 0):
 PSYoungGen      total 448000K, used 447520K [0x00000000d6000000, 0x00000000f6d80000, 0x0000000100000000)
  eden space 447488K, 100% used [0x00000000d6000000,0x00000000f1500000,0x00000000f1500000)
  from space 512K, 6% used [0x00000000f1500000,0x00000000f1508000,0x00000000f1580000)
  to   space 512K, 0% used [0x00000000f6d00000,0x00000000f6d00000,0x00000000f6d80000)
 ParOldGen       total 86016K, used 6100K [0x0000000082000000, 0x0000000087400000, 0x00000000d6000000)
  object space 86016K, 7% used [0x0000000082000000,0x00000000825f53a0,0x0000000087400000)
 Metaspace       used 16018K, capacity 16842K, committed 17024K, reserved 1064960K
  class space    used 1884K, capacity 2085K, committed 2176K, reserved 1048576K
Event: 1874.025 GC heap after
Heap after GC invocations=64 (full 0):
 PSYoungGen      total 537600K, used 64K [0x00000000d6000000, 0x00000000f6d80000, 0x0000000100000000)
  eden space 537088K, 0% used [0x00000000d6000000,0x00000000d6000000,0x00000000f6c80000)
  from space 512K, 12% used [0x00000000f6d00000,0x00000000f6d10000,0x00000000f6d80000)
  to   space 512K, 0% used [0x00000000f6c80000,0x00000000f6c80000,0x00000000f6d00000)
 ParOldGen       total 86016K, used 6100K [0x0000000082000000, 0x0000000087400000, 0x00000000d6000000)
  object space 86016K, 7% used [0x0000000082000000,0x00000000825f53a0,0x0000000087400000)
 Metaspace       used 16018K, capacity 16842K, committed 17024K, reserved 1064960K
  class space    used 1884K, capacity 2085K, committed 2176K, reserved 1048576K
}
Event: 1920.199 GC heap before
{Heap before GC invocations=65 (full 0):
 PSYoungGen      total 537600K, used 537152K [0x00000000d6000000, 0x00000000f6d80000, 0x0000000100000000)
  eden space 537088K, 100% used [0x00000000d6000000,0x00000000f6c80000,0x00000000f6c80000)
  from space 512K, 12% used [0x00000000f6d00000,0x00000000f6d10000,0x00000000f6d80000)
  to   space 512K, 0% used [0x00000000f6c80000,0x00000000f6c80000,0x00000000f6d00000)
 ParOldGen       total 86016K, used 6100K [0x0000000082000000, 0x0000000087400000, 0x00000000d6000000)
  object space 86016K, 7% used [0x0000000082000000,0x00000000825f53a0,0x0000000087400000)
 Metaspace       used 16018K, capacity 16842K, committed 17024K, reserved 1064960K
  class space    used 1884K, capacity 2085K, committed 2176K, reserved 1048576K
Event: 1920.304 GC heap after
Heap after GC invocations=65 (full 0):
 PSYoungGen      total 537600K, used 64K [0x00000000d6000000, 0x00000000f6d80000, 0x0000000100000000)
  eden space 537088K, 0% used [0x00000000d6000000,0x00000000d6000000,0x00000000f6c80000)
  from space 512K, 12% used [0x00000000f6c80000,0x00000000f6c90000,0x00000000f6d00000)
  to   space 512K, 0% used [0x00000000f6d00000,0x00000000f6d00000,0x00000000f6d80000)
 ParOldGen       total 86016K, used 6100K [0x0000000082000000, 0x0000000087400000, 0x00000000d6000000)
  object space 86016K, 7% used [0x0000000082000000,0x00000000825f53a0,0x0000000087400000)
 Metaspace       used 16018K, capacity 16842K, committed 17024K, reserved 1064960K
  class space    used 1884K, capacity 2085K, committed 2176K, reserved 1048576K
}
Event: 1968.210 GC heap before
{Heap before GC invocations=66 (full 0):
 PSYoungGen      total 537600K, used 537152K [0x00000000d6000000, 0x00000000f6d80000, 0x0000000100000000)
  eden space 537088K, 100% used [0x00000000d6000000,0x00000000f6c80000,0x00000000f6c80000)
  from space 512K, 12% used [0x00000000f6c80000,0x00000000f6c90000,0x00000000f6d00000)
  to   space 512K, 0% used [0x00000000f6d00000,0x00000000f6d00000,0x00000000f6d80000)
 ParOldGen       total 86016K, used 6100K [0x0000000082000000, 0x0000000087400000, 0x00000000d6000000)
  object space 86016K, 7% used [0x0000000082000000,0x00000000825f53a0,0x0000000087400000)
 Metaspace       used 16018K, capacity 16842K, committed 17024K, reserved 1064960K
  class space    used 1884K, capacity 2085K, committed 2176K, reserved 1048576K
Event: 1968.967 GC heap after
Heap after GC invocations=66 (full 0):
 PSYoungGen      total 537600K, used 64K [0x00000000d6000000, 0x00000000f6d80000, 0x0000000100000000)
  eden space 537088K, 0% used [0x00000000d6000000,0x00000000d6000000,0x00000000f6c80000)
  from space 512K, 12% used [0x00000000f6d00000,0x00000000f6d10000,0x00000000f6d80000)
  to   space 512K, 0% used [0x00000000f6c80000,0x00000000f6c80000,0x00000000f6d00000)
 ParOldGen       total 86016K, used 6108K [0x0000000082000000, 0x0000000087400000, 0x00000000d6000000)
  object space 86016K, 7% used [0x0000000082000000,0x00000000825f73a0,0x0000000087400000)
 Metaspace       used 16018K, capacity 16842K, committed 17024K, reserved 1064960K
  class space    used 1884K, capacity 2085K, committed 2176K, reserved 1048576K
}

