# JRE version: Java(TM) SE Runtime Environment (8.0_202-b08) (build 1.8.0_202-b08)
# Java VM: Java HotSpot(TM) 64-Bit Server VM (25.202-b08 mixed mode windows-amd64 compressed oops)
Heap:
 PSYoungGen      total 245760K, used 153927K [0x00000000d6000000, 0x00000000e5680000, 0x0000000100000000)
  eden space 240128K, 64% used [0x00000000d6000000,0x00000000df639e38,0x00000000e4a80000)
  from space 5632K, 1% used [0x00000000e5100000,0x00000000e5118000,0x00000000e5680000)
  to   space 6144K, 0% used [0x00000000e4a80000,0x00000000e4a80000,0x00000000e5080000)
 ParOldGen       total 86016K, used 5964K [0x0000000082000000, 0x0000000087400000, 0x00000000d6000000)
  object space 86016K, 6% used [0x0000000082000000,0x00000000825d30d0,0x0000000087400000)
 Metaspace       used 15852K, capacity 16636K, committed 16768K, reserved 1064960K
  class space    used 1882K, capacity 2084K, committed 2176K, reserved 1048576K
GC Heap History (10 events):
Event: 794.040 GC heap before
{Heap before GC invocations=20 (full 0):
 PSYoungGen      total 178176K, used 171584K [0x00000000d6000000, 0x00000000e5780000, 0x0000000100000000)
  eden space 171520K, 100% used [0x00000000d6000000,0x00000000e0780000,0x00000000e0780000)
  from space 6656K, 0% used [0x00000000e0780000,0x00000000e0790000,0x00000000e0e00000)
  to   space 6656K, 0% used [0x00000000e5100000,0x00000000e5100000,0x00000000e5780000)
 ParOldGen       total 86016K, used 5940K [0x0000000082000000, 0x0000000087400000, 0x00000000d6000000)
  object space 86016K, 6% used [0x0000000082000000,0x00000000825cd0d0,0x0000000087400000)
 Metaspace       used 15852K, capacity 16636K, committed 16768K, reserved 1064960K
  class space    used 1882K, capacity 2084K, committed 2176K, reserved 1048576K
Event: 794.425 GC heap after
Heap after GC invocations=20 (full 0):
 PSYoungGen      total 245760K, used 64K [0x00000000d6000000, 0x00000000e5680000, 0x0000000100000000)
  eden space 240128K, 0% used [0x00000000d6000000,0x00000000d6000000,0x00000000e4a80000)
  from space 5632K, 1% used [0x00000000e5100000,0x00000000e5110000,0x00000000e5680000)
  to   space 6144K, 0% used [0x00000000e4a80000,0x00000000e4a80000,0x00000000e5080000)
 ParOldGen       total 86016K, used 5948K [0x0000000082000000, 0x0000000087400000, 0x00000000d6000000)
  object space 86016K, 6% used [0x0000000082000000,0x00000000825cf0d0,0x0000000087400000)
 Metaspace       used 15852K, capacity 16636K, committed 16768K, reserved 1064960K
  class space    used 1882K, capacity 2084K, committed 2176K, reserved 1048576K
}
Event: 805.636 GC heap before
{Heap before GC invocations=21 (full 0):
 PSYoungGen      total 245760K, used 240192K [0x00000000d6000000, 0x00000000e5680000, 0x0000000100000000)
  eden space 240128K, 100% used [0x00000000d6000000,0x00000000e4a80000,0x00000000e4a80000)
  from space 5632K, 1% used [0x00000000e5100000,0x00000000e5110000,0x00000000e5680000)
  to   space 6144K, 0% used [0x00000000e4a80000,0x00000000e4a80000,0x00000000e5080000)
 ParOldGen       total 86016K, used 5948K [0x0000000082000000, 0x0000000087400000, 0x00000000d6000000)
  object space 86016K, 6% used [0x0000000082000000,0x00000000825cf0d0,0x0000000087400000)
 Metaspace       used 15852K, capacity 16636K, committed 16768K, reserved 1064960K
  class space    used 1882K, capacity 2084K, committed 2176K, reserved 1048576K
Event: 806.578 GC heap after
Heap after GC invocations=21 (full 0):
 PSYoungGen      total 246272K, used 32K [0x00000000d6000000, 0x00000000e5680000, 0x0000000100000000)
  eden space 240128K, 0% used [0x00000000d6000000,0x00000000d6000000,0x00000000e4a80000)
  from space 6144K, 0% used [0x00000000e4a80000,0x00000000e4a88000,0x00000000e5080000)
  to   space 5632K, 0% used [0x00000000e5100000,0x00000000e5100000,0x00000000e5680000)
 ParOldGen       total 86016K, used 5948K [0x0000000082000000, 0x0000000087400000, 0x00000000d6000000)
  object space 86016K, 6% used [0x0000000082000000,0x00000000825cf0d0,0x0000000087400000)
 Metaspace       used 15852K, capacity 16636K, committed 16768K, reserved 1064960K
  class space    used 1882K, capacity 2084K, committed 2176K, reserved 1048576K
}
Event: 823.220 GC heap before
{Heap before GC invocations=22 (full 0):
 PSYoungGen      total 246272K, used 240160K [0x00000000d6000000, 0x00000000e5680000, 0x0000000100000000)
  eden space 240128K, 100% used [0x00000000d6000000,0x00000000e4a80000,0x00000000e4a80000)
  from space 6144K, 0% used [0x00000000e4a80000,0x00000000e4a88000,0x00000000e5080000)
  to   space 5632K, 0% used [0x00000000e5100000,0x00000000e5100000,0x00000000e5680000)
 ParOldGen       total 86016K, used 5948K [0x0000000082000000, 0x0000000087400000, 0x00000000d6000000)
  object space 86016K, 6% used [0x0000000082000000,0x00000000825cf0d0,0x0000000087400000)
 Metaspace       used 15852K, capacity 16636K, committed 16768K, reserved 1064960K
  class space    used 1882K, capacity 2084K, committed 2176K, reserved 1048576K
Event: 839.129 GC heap after
Heap after GC invocations=22 (full 0):
 PSYoungGen      total 245760K, used 96K [0x00000000d6000000, 0x00000000e5680000, 0x0000000100000000)
  eden space 240128K, 0% used [0x00000000d6000000,0x00000000d6000000,0x00000000e4a80000)
  from space 5632K, 1% used [0x00000000e5100000,0x00000000e5118000,0x00000000e5680000)
  to   space 6144K, 0% used [0x00000000e4a80000,0x00000000e4a80000,0x00000000e5080000)
 ParOldGen       total 86016K, used 5964K [0x0000000082000000, 0x0000000087400000, 0x00000000d6000000)
  object space 86016K, 6% used [0x0000000082000000,0x00000000825d30d0,0x0000000087400000)
 Metaspace       used 15852K, capacity 16636K, committed 16768K, reserved 1064960K
  class space    used 1882K, capacity 2084K, committed 2176K, reserved 1048576K
}
Event: 857.361 GC heap before
{Heap before GC invocations=23 (full 0):
 PSYoungGen      total 245760K, used 240224K [0x00000000d6000000, 0x00000000e5680000, 0x0000000100000000)
  eden space 240128K, 100% used [0x00000000d6000000,0x00000000e4a80000,0x00000000e4a80000)
  from space 5632K, 1% used [0x00000000e5100000,0x00000000e5118000,0x00000000e5680000)
  to   space 6144K, 0% used [0x00000000e4a80000,0x00000000e4a80000,0x00000000e5080000)
 ParOldGen       total 86016K, used 5964K [0x0000000082000000, 0x0000000087400000, 0x00000000d6000000)
  object space 86016K, 6% used [0x0000000082000000,0x00000000825d30d0,0x0000000087400000)
 Metaspace       used 15852K, capacity 16636K, committed 16768K, reserved 1064960K
  class space    used 1882K, capacity 2084K, committed 2176K, reserved 1048576K
Event: 861.674 GC heap after
Heap after GC invocations=23 (full 0):
 PSYoungGen      total 246272K, used 128K [0x00000000d6000000, 0x00000000e5680000, 0x0000000100000000)
  eden space 240128K, 0% used [0x00000000d6000000,0x00000000d6000000,0x00000000e4a80000)
  from space 6144K, 2% used [0x00000000e4a80000,0x00000000e4aa0000,0x00000000e5080000)
  to   space 5632K, 0% used [0x00000000e5100000,0x00000000e5100000,0x00000000e5680000)
 ParOldGen       total 86016K, used 5964K [0x0000000082000000, 0x0000000087400000, 0x00000000d6000000)
  object space 86016K, 6% used [0x0000000082000000,0x00000000825d30d0,0x0000000087400000)
 Metaspace       used 15852K, capacity 16636K, committed 16768K, reserved 1064960K
  class space    used 1882K, capacity 2084K, committed 2176K, reserved 1048576K
}
Event: 888.544 GC heap before
{Heap before GC invocations=24 (full 0):
 PSYoungGen      total 246272K, used 240256K [0x00000000d6000000, 0x00000000e5680000, 0x0000000100000000)
  eden space 240128K, 100% used [0x00000000d6000000,0x00000000e4a80000,0x00000000e4a80000)
  from space 6144K, 2% used [0x00000000e4a80000,0x00000000e4aa0000,0x00000000e5080000)
  to   space 5632K, 0% used [0x00000000e5100000,0x00000000e5100000,0x00000000e5680000)
 ParOldGen       total 86016K, used 5964K [0x0000000082000000, 0x0000000087400000, 0x00000000d6000000)
  object space 86016K, 6% used [0x0000000082000000,0x00000000825d30d0,0x0000000087400000)
 Metaspace       used 15852K, capacity 16636K, committed 16768K, reserved 1064960K
  class space    used 1882K, capacity 2084K, committed 2176K, reserved 1048576K
Event: 891.029 GC heap after
Heap after GC invocations=24 (full 0):
 PSYoungGen      total 245760K, used 96K [0x00000000d6000000, 0x00000000e5680000, 0x0000000100000000)
  eden space 240128K, 0% used [0x00000000d6000000,0x00000000d6000000,0x00000000e4a80000)
  from space 5632K, 1% used [0x00000000e5100000,0x00000000e5118000,0x00000000e5680000)
  to   space 6144K, 0% used [0x00000000e4a80000,0x00000000e4a80000,0x00000000e5080000)
 ParOldGen       total 86016K, used 5964K [0x0000000082000000, 0x0000000087400000, 0x00000000d6000000)
  object space 86016K, 6% used [0x0000000082000000,0x00000000825d30d0,0x0000000087400000)
 Metaspace       used 15852K, capacity 16636K, committed 16768K, reserved 1064960K
  class space    used 1882K, capacity 2084K, committed 2176K, reserved 1048576K
}

