# JRE version: Java(TM) SE Runtime Environment (8.0_202-b08) (build 1.8.0_202-b08)
# Java VM: Java HotSpot(TM) 64-Bit Server VM (25.202-b08 mixed mode windows-amd64 compressed oops)
Heap:
 PSYoungGen      total 404992K, used 65184K [0x00000000d6000000, 0x00000000ef100000, 0x0000000100000000)
  eden space 399360K, 16% used [0x00000000d6000000,0x00000000d9f982f0,0x00000000ee600000)
  from space 5632K, 1% used [0x00000000eeb80000,0x00000000eeb90000,0x00000000ef100000)
  to   space 5632K, 0% used [0x00000000ee600000,0x00000000ee600000,0x00000000eeb80000)
 ParOldGen       total 86016K, used 6000K [0x0000000082000000, 0x0000000087400000, 0x00000000d6000000)
  object space 86016K, 6% used [0x0000000082000000,0x00000000825dc3f8,0x0000000087400000)
 Metaspace       used 15816K, capacity 16636K, committed 16768K, reserved 1064960K
  class space    used 1882K, capacity 2084K, committed 2176K, reserved 1048576K
GC Heap History (10 events):
Event: 532.066 GC heap before
{Heap before GC invocations=20 (full 0):
 PSYoungGen      total 290816K, used 284288K [0x00000000d6000000, 0x00000000e8280000, 0x0000000100000000)
  eden space 284160K, 100% used [0x00000000d6000000,0x00000000e7580000,0x00000000e7580000)
  from space 6656K, 1% used [0x00000000e7580000,0x00000000e75a0000,0x00000000e7c00000)
  to   space 6144K, 0% used [0x00000000e7c80000,0x00000000e7c80000,0x00000000e8280000)
 ParOldGen       total 86016K, used 5960K [0x0000000082000000, 0x0000000087400000, 0x00000000d6000000)
  object space 86016K, 6% used [0x0000000082000000,0x00000000825d23f8,0x0000000087400000)
 Metaspace       used 15815K, capacity 16636K, committed 16768K, reserved 1064960K
  class space    used 1882K, capacity 2084K, committed 2176K, reserved 1048576K
Event: 545.174 GC heap after
Heap after GC invocations=20 (full 0):
 PSYoungGen      total 291328K, used 128K [0x00000000d6000000, 0x00000000ef080000, 0x0000000100000000)
  eden space 285184K, 0% used [0x00000000d6000000,0x00000000d6000000,0x00000000e7680000)
  from space 6144K, 2% used [0x00000000e7c80000,0x00000000e7ca0000,0x00000000e8280000)
  to   space 6144K, 0% used [0x00000000e7680000,0x00000000e7680000,0x00000000e7c80000)
 ParOldGen       total 86016K, used 5968K [0x0000000082000000, 0x0000000087400000, 0x00000000d6000000)
  object space 86016K, 6% used [0x0000000082000000,0x00000000825d43f8,0x0000000087400000)
 Metaspace       used 15815K, capacity 16636K, committed 16768K, reserved 1064960K
  class space    used 1882K, capacity 2084K, committed 2176K, reserved 1048576K
}
Event: 561.572 GC heap before
{Heap before GC invocations=21 (full 0):
 PSYoungGen      total 291328K, used 285312K [0x00000000d6000000, 0x00000000ef080000, 0x0000000100000000)
  eden space 285184K, 100% used [0x00000000d6000000,0x00000000e7680000,0x00000000e7680000)
  from space 6144K, 2% used [0x00000000e7c80000,0x00000000e7ca0000,0x00000000e8280000)
  to   space 6144K, 0% used [0x00000000e7680000,0x00000000e7680000,0x00000000e7c80000)
 ParOldGen       total 86016K, used 5968K [0x0000000082000000, 0x0000000087400000, 0x00000000d6000000)
  object space 86016K, 6% used [0x0000000082000000,0x00000000825d43f8,0x0000000087400000)
 Metaspace       used 15816K, capacity 16636K, committed 16768K, reserved 1064960K
  class space    used 1882K, capacity 2084K, committed 2176K, reserved 1048576K
Event: 562.544 GC heap after
Heap after GC invocations=21 (full 0):
 PSYoungGen      total 291328K, used 64K [0x00000000d6000000, 0x00000000ef100000, 0x0000000100000000)
  eden space 285184K, 0% used [0x00000000d6000000,0x00000000d6000000,0x00000000e7680000)
  from space 6144K, 1% used [0x00000000e7680000,0x00000000e7690000,0x00000000e7c80000)
  to   space 5632K, 0% used [0x00000000eeb80000,0x00000000eeb80000,0x00000000ef100000)
 ParOldGen       total 86016K, used 5976K [0x0000000082000000, 0x0000000087400000, 0x00000000d6000000)
  object space 86016K, 6% used [0x0000000082000000,0x00000000825d63f8,0x0000000087400000)
 Metaspace       used 15816K, capacity 16636K, committed 16768K, reserved 1064960K
  class space    used 1882K, capacity 2084K, committed 2176K, reserved 1048576K
}
Event: 594.428 GC heap before
{Heap before GC invocations=22 (full 0):
 PSYoungGen      total 291328K, used 285248K [0x00000000d6000000, 0x00000000ef100000, 0x0000000100000000)
  eden space 285184K, 100% used [0x00000000d6000000,0x00000000e7680000,0x00000000e7680000)
  from space 6144K, 1% used [0x00000000e7680000,0x00000000e7690000,0x00000000e7c80000)
  to   space 5632K, 0% used [0x00000000eeb80000,0x00000000eeb80000,0x00000000ef100000)
 ParOldGen       total 86016K, used 5976K [0x0000000082000000, 0x0000000087400000, 0x00000000d6000000)
  object space 86016K, 6% used [0x0000000082000000,0x00000000825d63f8,0x0000000087400000)
 Metaspace       used 15816K, capacity 16636K, committed 16768K, reserved 1064960K
  class space    used 1882K, capacity 2084K, committed 2176K, reserved 1048576K
Event: 596.378 GC heap after
Heap after GC invocations=22 (full 0):
 PSYoungGen      total 404992K, used 64K [0x00000000d6000000, 0x00000000ef100000, 0x0000000100000000)
  eden space 399360K, 0% used [0x00000000d6000000,0x00000000d6000000,0x00000000ee600000)
  from space 5632K, 1% used [0x00000000eeb80000,0x00000000eeb90000,0x00000000ef100000)
  to   space 5632K, 0% used [0x00000000ee600000,0x00000000ee600000,0x00000000eeb80000)
 ParOldGen       total 86016K, used 5976K [0x0000000082000000, 0x0000000087400000, 0x00000000d6000000)
  object space 86016K, 6% used [0x0000000082000000,0x00000000825d63f8,0x0000000087400000)
 Metaspace       used 15816K, capacity 16636K, committed 16768K, reserved 1064960K
  class space    used 1882K, capacity 2084K, committed 2176K, reserved 1048576K
}
Event: 657.839 GC heap before
{Heap before GC invocations=23 (full 0):
 PSYoungGen      total 404992K, used 399424K [0x00000000d6000000, 0x00000000ef100000, 0x0000000100000000)
  eden space 399360K, 100% used [0x00000000d6000000,0x00000000ee600000,0x00000000ee600000)
  from space 5632K, 1% used [0x00000000eeb80000,0x00000000eeb90000,0x00000000ef100000)
  to   space 5632K, 0% used [0x00000000ee600000,0x00000000ee600000,0x00000000eeb80000)
 ParOldGen       total 86016K, used 5976K [0x0000000082000000, 0x0000000087400000, 0x00000000d6000000)
  object space 86016K, 6% used [0x0000000082000000,0x00000000825d63f8,0x0000000087400000)
 Metaspace       used 15816K, capacity 16636K, committed 16768K, reserved 1064960K
  class space    used 1882K, capacity 2084K, committed 2176K, reserved 1048576K
Event: 659.770 GC heap after
Heap after GC invocations=23 (full 0):
 PSYoungGen      total 404992K, used 32K [0x00000000d6000000, 0x00000000ef100000, 0x0000000100000000)
  eden space 399360K, 0% used [0x00000000d6000000,0x00000000d6000000,0x00000000ee600000)
  from space 5632K, 0% used [0x00000000ee600000,0x00000000ee608000,0x00000000eeb80000)
  to   space 5632K, 0% used [0x00000000eeb80000,0x00000000eeb80000,0x00000000ef100000)
 ParOldGen       total 86016K, used 5992K [0x0000000082000000, 0x0000000087400000, 0x00000000d6000000)
  object space 86016K, 6% used [0x0000000082000000,0x00000000825da3f8,0x0000000087400000)
 Metaspace       used 15816K, capacity 16636K, committed 16768K, reserved 1064960K
  class space    used 1882K, capacity 2084K, committed 2176K, reserved 1048576K
}
Event: 722.165 GC heap before
{Heap before GC invocations=24 (full 0):
 PSYoungGen      total 404992K, used 399392K [0x00000000d6000000, 0x00000000ef100000, 0x0000000100000000)
  eden space 399360K, 100% used [0x00000000d6000000,0x00000000ee600000,0x00000000ee600000)
  from space 5632K, 0% used [0x00000000ee600000,0x00000000ee608000,0x00000000eeb80000)
  to   space 5632K, 0% used [0x00000000eeb80000,0x00000000eeb80000,0x00000000ef100000)
 ParOldGen       total 86016K, used 5992K [0x0000000082000000, 0x0000000087400000, 0x00000000d6000000)
  object space 86016K, 6% used [0x0000000082000000,0x00000000825da3f8,0x0000000087400000)
 Metaspace       used 15816K, capacity 16636K, committed 16768K, reserved 1064960K
  class space    used 1882K, capacity 2084K, committed 2176K, reserved 1048576K
Event: 729.319 GC heap after
Heap after GC invocations=24 (full 0):
 PSYoungGen      total 404992K, used 64K [0x00000000d6000000, 0x00000000ef100000, 0x0000000100000000)
  eden space 399360K, 0% used [0x00000000d6000000,0x00000000d6000000,0x00000000ee600000)
  from space 5632K, 1% used [0x00000000eeb80000,0x00000000eeb90000,0x00000000ef100000)
  to   space 5632K, 0% used [0x00000000ee600000,0x00000000ee600000,0x00000000eeb80000)
 ParOldGen       total 86016K, used 6000K [0x0000000082000000, 0x0000000087400000, 0x00000000d6000000)
  object space 86016K, 6% used [0x0000000082000000,0x00000000825dc3f8,0x0000000087400000)
 Metaspace       used 15816K, capacity 16636K, committed 16768K, reserved 1064960K
  class space    used 1882K, capacity 2084K, committed 2176K, reserved 1048576K
}

