# JRE version: Java(TM) SE Runtime Environment (8.0_202-b08) (build 1.8.0_202-b08)
# Java VM: Java HotSpot(TM) 64-Bit Server VM (25.202-b08 mixed mode windows-amd64 compressed oops)
Heap:
 PSYoungGen      total 404992K, used 81612K [0x00000000d6000000, 0x00000000ef100000, 0x0000000100000000)
  eden space 399360K, 20% used [0x00000000d6000000,0x00000000dafa32e0,0x00000000ee600000)
  from space 5632K, 1% used [0x00000000eeb80000,0x00000000eeb90000,0x00000000ef100000)
  to   space 5632K, 0% used [0x00000000ee600000,0x00000000ee600000,0x00000000eeb80000)
 ParOldGen       total 86016K, used 5889K [0x0000000082000000, 0x0000000087400000, 0x00000000d6000000)
  object space 86016K, 6% used [0x0000000082000000,0x00000000825c0630,0x0000000087400000)
 Metaspace       used 15865K, capacity 16636K, committed 16768K, reserved 1064960K
  class space    used 1882K, capacity 2084K, committed 2176K, reserved 1048576K
GC Heap History (10 events):
Event: 576.588 GC heap before
{Heap before GC invocations=18 (full 0):
 PSYoungGen      total 209920K, used 202816K [0x00000000d6000000, 0x00000000e8380000, 0x0000000100000000)
  eden space 202752K, 100% used [0x00000000d6000000,0x00000000e2600000,0x00000000e2600000)
  from space 7168K, 0% used [0x00000000e2600000,0x00000000e2610000,0x00000000e2d00000)
  to   space 7168K, 0% used [0x00000000e7c80000,0x00000000e7c80000,0x00000000e8380000)
 ParOldGen       total 86016K, used 5873K [0x0000000082000000, 0x0000000087400000, 0x00000000d6000000)
  object space 86016K, 6% used [0x0000000082000000,0x00000000825bc630,0x0000000087400000)
 Metaspace       used 15861K, capacity 16636K, committed 16768K, reserved 1064960K
  class space    used 1882K, capacity 2084K, committed 2176K, reserved 1048576K
Event: 577.017 GC heap after
Heap after GC invocations=18 (full 0):
 PSYoungGen      total 290304K, used 64K [0x00000000d6000000, 0x00000000e8280000, 0x0000000100000000)
  eden space 284160K, 0% used [0x00000000d6000000,0x00000000d6000000,0x00000000e7580000)
  from space 6144K, 1% used [0x00000000e7c80000,0x00000000e7c90000,0x00000000e8280000)
  to   space 6656K, 0% used [0x00000000e7580000,0x00000000e7580000,0x00000000e7c00000)
 ParOldGen       total 86016K, used 5873K [0x0000000082000000, 0x0000000087400000, 0x00000000d6000000)
  object space 86016K, 6% used [0x0000000082000000,0x00000000825bc630,0x0000000087400000)
 Metaspace       used 15861K, capacity 16636K, committed 16768K, reserved 1064960K
  class space    used 1882K, capacity 2084K, committed 2176K, reserved 1048576K
}
Event: 590.742 GC heap before
{Heap before GC invocations=19 (full 0):
 PSYoungGen      total 290304K, used 284224K [0x00000000d6000000, 0x00000000e8280000, 0x0000000100000000)
  eden space 284160K, 100% used [0x00000000d6000000,0x00000000e7580000,0x00000000e7580000)
  from space 6144K, 1% used [0x00000000e7c80000,0x00000000e7c90000,0x00000000e8280000)
  to   space 6656K, 0% used [0x00000000e7580000,0x00000000e7580000,0x00000000e7c00000)
 ParOldGen       total 86016K, used 5873K [0x0000000082000000, 0x0000000087400000, 0x00000000d6000000)
  object space 86016K, 6% used [0x0000000082000000,0x00000000825bc630,0x0000000087400000)
 Metaspace       used 15861K, capacity 16636K, committed 16768K, reserved 1064960K
  class space    used 1882K, capacity 2084K, committed 2176K, reserved 1048576K
Event: 591.427 GC heap after
Heap after GC invocations=19 (full 0):
 PSYoungGen      total 290816K, used 96K [0x00000000d6000000, 0x00000000e8280000, 0x0000000100000000)
  eden space 284160K, 0% used [0x00000000d6000000,0x00000000d6000000,0x00000000e7580000)
  from space 6656K, 1% used [0x00000000e7580000,0x00000000e7598000,0x00000000e7c00000)
  to   space 6144K, 0% used [0x00000000e7c80000,0x00000000e7c80000,0x00000000e8280000)
 ParOldGen       total 86016K, used 5873K [0x0000000082000000, 0x0000000087400000, 0x00000000d6000000)
  object space 86016K, 6% used [0x0000000082000000,0x00000000825bc630,0x0000000087400000)
 Metaspace       used 15861K, capacity 16636K, committed 16768K, reserved 1064960K
  class space    used 1882K, capacity 2084K, committed 2176K, reserved 1048576K
}
Event: 705.189 GC heap before
{Heap before GC invocations=20 (full 0):
 PSYoungGen      total 290816K, used 284256K [0x00000000d6000000, 0x00000000e8280000, 0x0000000100000000)
  eden space 284160K, 100% used [0x00000000d6000000,0x00000000e7580000,0x00000000e7580000)
  from space 6656K, 1% used [0x00000000e7580000,0x00000000e7598000,0x00000000e7c00000)
  to   space 6144K, 0% used [0x00000000e7c80000,0x00000000e7c80000,0x00000000e8280000)
 ParOldGen       total 86016K, used 5873K [0x0000000082000000, 0x0000000087400000, 0x00000000d6000000)
  object space 86016K, 6% used [0x0000000082000000,0x00000000825bc630,0x0000000087400000)
 Metaspace       used 15861K, capacity 16636K, committed 16768K, reserved 1064960K
  class space    used 1882K, capacity 2084K, committed 2176K, reserved 1048576K
Event: 707.108 GC heap after
Heap after GC invocations=20 (full 0):
 PSYoungGen      total 291328K, used 32K [0x00000000d6000000, 0x00000000ef080000, 0x0000000100000000)
  eden space 285184K, 0% used [0x00000000d6000000,0x00000000d6000000,0x00000000e7680000)
  from space 6144K, 0% used [0x00000000e7c80000,0x00000000e7c88000,0x00000000e8280000)
  to   space 6144K, 0% used [0x00000000e7680000,0x00000000e7680000,0x00000000e7c80000)
 ParOldGen       total 86016K, used 5873K [0x0000000082000000, 0x0000000087400000, 0x00000000d6000000)
  object space 86016K, 6% used [0x0000000082000000,0x00000000825bc630,0x0000000087400000)
 Metaspace       used 15861K, capacity 16636K, committed 16768K, reserved 1064960K
  class space    used 1882K, capacity 2084K, committed 2176K, reserved 1048576K
}
Event: 778.136 GC heap before
{Heap before GC invocations=21 (full 0):
 PSYoungGen      total 291328K, used 285216K [0x00000000d6000000, 0x00000000ef080000, 0x0000000100000000)
  eden space 285184K, 100% used [0x00000000d6000000,0x00000000e7680000,0x00000000e7680000)
  from space 6144K, 0% used [0x00000000e7c80000,0x00000000e7c88000,0x00000000e8280000)
  to   space 6144K, 0% used [0x00000000e7680000,0x00000000e7680000,0x00000000e7c80000)
 ParOldGen       total 86016K, used 5873K [0x0000000082000000, 0x0000000087400000, 0x00000000d6000000)
  object space 86016K, 6% used [0x0000000082000000,0x00000000825bc630,0x0000000087400000)
 Metaspace       used 15865K, capacity 16636K, committed 16768K, reserved 1064960K
  class space    used 1882K, capacity 2084K, committed 2176K, reserved 1048576K
Event: 779.616 GC heap after
Heap after GC invocations=21 (full 0):
 PSYoungGen      total 291328K, used 64K [0x00000000d6000000, 0x00000000ef100000, 0x0000000100000000)
  eden space 285184K, 0% used [0x00000000d6000000,0x00000000d6000000,0x00000000e7680000)
  from space 6144K, 1% used [0x00000000e7680000,0x00000000e7690000,0x00000000e7c80000)
  to   space 5632K, 0% used [0x00000000eeb80000,0x00000000eeb80000,0x00000000ef100000)
 ParOldGen       total 86016K, used 5881K [0x0000000082000000, 0x0000000087400000, 0x00000000d6000000)
  object space 86016K, 6% used [0x0000000082000000,0x00000000825be630,0x0000000087400000)
 Metaspace       used 15865K, capacity 16636K, committed 16768K, reserved 1064960K
  class space    used 1882K, capacity 2084K, committed 2176K, reserved 1048576K
}
Event: 833.277 GC heap before
{Heap before GC invocations=22 (full 0):
 PSYoungGen      total 291328K, used 285248K [0x00000000d6000000, 0x00000000ef100000, 0x0000000100000000)
  eden space 285184K, 100% used [0x00000000d6000000,0x00000000e7680000,0x00000000e7680000)
  from space 6144K, 1% used [0x00000000e7680000,0x00000000e7690000,0x00000000e7c80000)
  to   space 5632K, 0% used [0x00000000eeb80000,0x00000000eeb80000,0x00000000ef100000)
 ParOldGen       total 86016K, used 5881K [0x0000000082000000, 0x0000000087400000, 0x00000000d6000000)
  object space 86016K, 6% used [0x0000000082000000,0x00000000825be630,0x0000000087400000)
 Metaspace       used 15865K, capacity 16636K, committed 16768K, reserved 1064960K
  class space    used 1882K, capacity 2084K, committed 2176K, reserved 1048576K
Event: 834.822 GC heap after
Heap after GC invocations=22 (full 0):
 PSYoungGen      total 404992K, used 64K [0x00000000d6000000, 0x00000000ef100000, 0x0000000100000000)
  eden space 399360K, 0% used [0x00000000d6000000,0x00000000d6000000,0x00000000ee600000)
  from space 5632K, 1% used [0x00000000eeb80000,0x00000000eeb90000,0x00000000ef100000)
  to   space 5632K, 0% used [0x00000000ee600000,0x00000000ee600000,0x00000000eeb80000)
 ParOldGen       total 86016K, used 5889K [0x0000000082000000, 0x0000000087400000, 0x00000000d6000000)
  object space 86016K, 6% used [0x0000000082000000,0x00000000825c0630,0x0000000087400000)
 Metaspace       used 15865K, capacity 16636K, committed 16768K, reserved 1064960K
  class space    used 1882K, capacity 2084K, committed 2176K, reserved 1048576K
}

