# JRE version: Java(TM) SE Runtime Environment (8.0_202-b08) (build 1.8.0_202-b08)
# Java VM: Java HotSpot(TM) 64-Bit Server VM (25.202-b08 mixed mode windows-amd64 compressed oops)
Heap:
 PSYoungGen      total 681984K, used 93260K [0x00000000d6000000, 0x00000000fff80000, 0x0000000100000000)
  eden space 676352K, 13% used [0x00000000d6000000,0x00000000dbafb210,0x00000000ff480000)
  from space 5632K, 1% used [0x00000000ffa00000,0x00000000ffa18000,0x00000000fff80000)
  to   space 5632K, 0% used [0x00000000ff480000,0x00000000ff480000,0x00000000ffa00000)
 ParOldGen       total 86016K, used 5830K [0x0000000082000000, 0x0000000087400000, 0x00000000d6000000)
  object space 86016K, 6% used [0x0000000082000000,0x00000000825b1bf0,0x0000000087400000)
 Metaspace       used 15828K, capacity 16642K, committed 16768K, reserved 1064960K
  class space    used 1882K, capacity 2085K, committed 2176K, reserved 1048576K
GC Heap History (10 events):
Event: 525.263 GC heap before
{Heap before GC invocations=18 (full 0):
 PSYoungGen      total 544768K, used 537696K [0x00000000d6000000, 0x00000000f7b00000, 0x0000000100000000)
  eden space 537600K, 100% used [0x00000000d6000000,0x00000000f6d00000,0x00000000f6d00000)
  from space 7168K, 1% used [0x00000000f6d00000,0x00000000f6d18000,0x00000000f7400000)
  to   space 6656K, 0% used [0x00000000f7480000,0x00000000f7480000,0x00000000f7b00000)
 ParOldGen       total 86016K, used 5758K [0x0000000082000000, 0x0000000087400000, 0x00000000d6000000)
  object space 86016K, 6% used [0x0000000082000000,0x000000008259fbf0,0x0000000087400000)
 Metaspace       used 15702K, capacity 16486K, committed 16768K, reserved 1064960K
  class space    used 1882K, capacity 2085K, committed 2176K, reserved 1048576K
Event: 529.906 GC heap after
Heap after GC invocations=18 (full 0):
 PSYoungGen      total 544256K, used 128K [0x00000000d6000000, 0x00000000f7b00000, 0x0000000100000000)
  eden space 537600K, 0% used [0x00000000d6000000,0x00000000d6000000,0x00000000f6d00000)
  from space 6656K, 1% used [0x00000000f7480000,0x00000000f74a0000,0x00000000f7b00000)
  to   space 7168K, 0% used [0x00000000f6d00000,0x00000000f6d00000,0x00000000f7400000)
 ParOldGen       total 86016K, used 5766K [0x0000000082000000, 0x0000000087400000, 0x00000000d6000000)
  object space 86016K, 6% used [0x0000000082000000,0x00000000825a1bf0,0x0000000087400000)
 Metaspace       used 15702K, capacity 16486K, committed 16768K, reserved 1064960K
  class space    used 1882K, capacity 2085K, committed 2176K, reserved 1048576K
}
Event: 610.184 GC heap before
{Heap before GC invocations=19 (full 0):
 PSYoungGen      total 544256K, used 537728K [0x00000000d6000000, 0x00000000f7b00000, 0x0000000100000000)
  eden space 537600K, 100% used [0x00000000d6000000,0x00000000f6d00000,0x00000000f6d00000)
  from space 6656K, 1% used [0x00000000f7480000,0x00000000f74a0000,0x00000000f7b00000)
  to   space 7168K, 0% used [0x00000000f6d00000,0x00000000f6d00000,0x00000000f7400000)
 ParOldGen       total 86016K, used 5766K [0x0000000082000000, 0x0000000087400000, 0x00000000d6000000)
  object space 86016K, 6% used [0x0000000082000000,0x00000000825a1bf0,0x0000000087400000)
 Metaspace       used 15823K, capacity 16642K, committed 16768K, reserved 1064960K
  class space    used 1882K, capacity 2085K, committed 2176K, reserved 1048576K
Event: 611.281 GC heap after
Heap after GC invocations=19 (full 0):
 PSYoungGen      total 544768K, used 96K [0x00000000d6000000, 0x00000000fff80000, 0x0000000100000000)
  eden space 537600K, 0% used [0x00000000d6000000,0x00000000d6000000,0x00000000f6d00000)
  from space 7168K, 1% used [0x00000000f6d00000,0x00000000f6d18000,0x00000000f7400000)
  to   space 6656K, 0% used [0x00000000ff900000,0x00000000ff900000,0x00000000fff80000)
 ParOldGen       total 86016K, used 5782K [0x0000000082000000, 0x0000000087400000, 0x00000000d6000000)
  object space 86016K, 6% used [0x0000000082000000,0x00000000825a5bf0,0x0000000087400000)
 Metaspace       used 15823K, capacity 16642K, committed 16768K, reserved 1064960K
  class space    used 1882K, capacity 2085K, committed 2176K, reserved 1048576K
}
Event: 684.329 GC heap before
{Heap before GC invocations=20 (full 0):
 PSYoungGen      total 544768K, used 537696K [0x00000000d6000000, 0x00000000fff80000, 0x0000000100000000)
  eden space 537600K, 100% used [0x00000000d6000000,0x00000000f6d00000,0x00000000f6d00000)
  from space 7168K, 1% used [0x00000000f6d00000,0x00000000f6d18000,0x00000000f7400000)
  to   space 6656K, 0% used [0x00000000ff900000,0x00000000ff900000,0x00000000fff80000)
 ParOldGen       total 86016K, used 5782K [0x0000000082000000, 0x0000000087400000, 0x00000000d6000000)
  object space 86016K, 6% used [0x0000000082000000,0x00000000825a5bf0,0x0000000087400000)
 Metaspace       used 15826K, capacity 16642K, committed 16768K, reserved 1064960K
  class space    used 1882K, capacity 2085K, committed 2176K, reserved 1048576K
Event: 684.712 GC heap after
Heap after GC invocations=20 (full 0):
 PSYoungGen      total 679936K, used 96K [0x00000000d6000000, 0x00000000ffe80000, 0x0000000100000000)
  eden space 674304K, 0% used [0x00000000d6000000,0x00000000d6000000,0x00000000ff280000)
  from space 5632K, 1% used [0x00000000ff900000,0x00000000ff918000,0x00000000ffe80000)
  to   space 6144K, 0% used [0x00000000ff280000,0x00000000ff280000,0x00000000ff880000)
 ParOldGen       total 86016K, used 5806K [0x0000000082000000, 0x0000000087400000, 0x00000000d6000000)
  object space 86016K, 6% used [0x0000000082000000,0x00000000825abbf0,0x0000000087400000)
 Metaspace       used 15826K, capacity 16642K, committed 16768K, reserved 1064960K
  class space    used 1882K, capacity 2085K, committed 2176K, reserved 1048576K
}
Event: 748.093 GC heap before
{Heap before GC invocations=21 (full 0):
 PSYoungGen      total 679936K, used 674400K [0x00000000d6000000, 0x00000000ffe80000, 0x0000000100000000)
  eden space 674304K, 100% used [0x00000000d6000000,0x00000000ff280000,0x00000000ff280000)
  from space 5632K, 1% used [0x00000000ff900000,0x00000000ff918000,0x00000000ffe80000)
  to   space 6144K, 0% used [0x00000000ff280000,0x00000000ff280000,0x00000000ff880000)
 ParOldGen       total 86016K, used 5806K [0x0000000082000000, 0x0000000087400000, 0x00000000d6000000)
  object space 86016K, 6% used [0x0000000082000000,0x00000000825abbf0,0x0000000087400000)
 Metaspace       used 15826K, capacity 16642K, committed 16768K, reserved 1064960K
  class space    used 1882K, capacity 2085K, committed 2176K, reserved 1048576K
Event: 748.843 GC heap after
Heap after GC invocations=21 (full 0):
 PSYoungGen      total 680448K, used 64K [0x00000000d6000000, 0x00000000fff80000, 0x0000000100000000)
  eden space 674304K, 0% used [0x00000000d6000000,0x00000000d6000000,0x00000000ff280000)
  from space 6144K, 1% used [0x00000000ff280000,0x00000000ff290000,0x00000000ff880000)
  to   space 5632K, 0% used [0x00000000ffa00000,0x00000000ffa00000,0x00000000fff80000)
 ParOldGen       total 86016K, used 5814K [0x0000000082000000, 0x0000000087400000, 0x00000000d6000000)
  object space 86016K, 6% used [0x0000000082000000,0x00000000825adbf0,0x0000000087400000)
 Metaspace       used 15826K, capacity 16642K, committed 16768K, reserved 1064960K
  class space    used 1882K, capacity 2085K, committed 2176K, reserved 1048576K
}
Event: 818.634 GC heap before
{Heap before GC invocations=22 (full 0):
 PSYoungGen      total 680448K, used 674368K [0x00000000d6000000, 0x00000000fff80000, 0x0000000100000000)
  eden space 674304K, 100% used [0x00000000d6000000,0x00000000ff280000,0x00000000ff280000)
  from space 6144K, 1% used [0x00000000ff280000,0x00000000ff290000,0x00000000ff880000)
  to   space 5632K, 0% used [0x00000000ffa00000,0x00000000ffa00000,0x00000000fff80000)
 ParOldGen       total 86016K, used 5814K [0x0000000082000000, 0x0000000087400000, 0x00000000d6000000)
  object space 86016K, 6% used [0x0000000082000000,0x00000000825adbf0,0x0000000087400000)
 Metaspace       used 15828K, capacity 16642K, committed 16768K, reserved 1064960K
  class space    used 1882K, capacity 2085K, committed 2176K, reserved 1048576K
Event: 820.078 GC heap after
Heap after GC invocations=22 (full 0):
 PSYoungGen      total 681984K, used 96K [0x00000000d6000000, 0x00000000fff80000, 0x0000000100000000)
  eden space 676352K, 0% used [0x00000000d6000000,0x00000000d6000000,0x00000000ff480000)
  from space 5632K, 1% used [0x00000000ffa00000,0x00000000ffa18000,0x00000000fff80000)
  to   space 5632K, 0% used [0x00000000ff480000,0x00000000ff480000,0x00000000ffa00000)
 ParOldGen       total 86016K, used 5830K [0x0000000082000000, 0x0000000087400000, 0x00000000d6000000)
  object space 86016K, 6% used [0x0000000082000000,0x00000000825b1bf0,0x0000000087400000)
 Metaspace       used 15828K, capacity 16642K, committed 16768K, reserved 1064960K
  class space    used 1882K, capacity 2085K, committed 2176K, reserved 1048576K
}

