# JRE version: Java(TM) SE Runtime Environment (8.0_202-b08) (build 1.8.0_202-b08)
# Java VM: Java HotSpot(TM) 64-Bit Server VM (25.202-b08 mixed mode windows-amd64 compressed oops)
Heap:
 PSYoungGen      total 290816K, used 128K [0x00000000d6000000, 0x00000000e8280000, 0x0000000100000000)
  eden space 284160K, 0% used [0x00000000d6000000,0x00000000d6000000,0x00000000e7580000)
  from space 6656K, 1% used [0x00000000e7580000,0x00000000e75a0000,0x00000000e7c00000)
  to   space 6144K, 0% used [0x00000000e7c80000,0x00000000e7c80000,0x00000000e8280000)
 ParOldGen       total 86016K, used 5868K [0x0000000082000000, 0x0000000087400000, 0x00000000d6000000)
  object space 86016K, 6% used [0x0000000082000000,0x00000000825bb058,0x0000000087400000)
 Metaspace       used 15846K, capacity 16642K, committed 16768K, reserved 1064960K
  class space    used 1882K, capacity 2085K, committed 2176K, reserved 1048576K
GC Heap History (10 events):
Event: 482.551 GC heap before
{Heap before GC invocations=14 (full 0):
 PSYoungGen      total 87040K, used 78944K [0x00000000d6000000, 0x00000000deb80000, 0x0000000100000000)
  eden space 78848K, 100% used [0x00000000d6000000,0x00000000dad00000,0x00000000dad00000)
  from space 8192K, 1% used [0x00000000dad00000,0x00000000dad18000,0x00000000db500000)
  to   space 8192K, 0% used [0x00000000de380000,0x00000000de380000,0x00000000deb80000)
 ParOldGen       total 86016K, used 5868K [0x0000000082000000, 0x0000000087400000, 0x00000000d6000000)
  object space 86016K, 6% used [0x0000000082000000,0x00000000825bb058,0x0000000087400000)
 Metaspace       used 15846K, capacity 16642K, committed 16768K, reserved 1064960K
  class space    used 1882K, capacity 2085K, committed 2176K, reserved 1048576K
Event: 482.863 GC heap after
Heap after GC invocations=14 (full 0):
 PSYoungGen      total 133632K, used 64K [0x00000000d6000000, 0x00000000dea80000, 0x0000000100000000)
  eden space 126464K, 0% used [0x00000000d6000000,0x00000000d6000000,0x00000000ddb80000)
  from space 7168K, 0% used [0x00000000de380000,0x00000000de390000,0x00000000dea80000)
  to   space 7680K, 0% used [0x00000000ddb80000,0x00000000ddb80000,0x00000000de300000)
 ParOldGen       total 86016K, used 5868K [0x0000000082000000, 0x0000000087400000, 0x00000000d6000000)
  object space 86016K, 6% used [0x0000000082000000,0x00000000825bb058,0x0000000087400000)
 Metaspace       used 15846K, capacity 16642K, committed 16768K, reserved 1064960K
  class space    used 1882K, capacity 2085K, committed 2176K, reserved 1048576K
}
Event: 490.286 GC heap before
{Heap before GC invocations=15 (full 0):
 PSYoungGen      total 133632K, used 126528K [0x00000000d6000000, 0x00000000dea80000, 0x0000000100000000)
  eden space 126464K, 100% used [0x00000000d6000000,0x00000000ddb80000,0x00000000ddb80000)
  from space 7168K, 0% used [0x00000000de380000,0x00000000de390000,0x00000000dea80000)
  to   space 7680K, 0% used [0x00000000ddb80000,0x00000000ddb80000,0x00000000de300000)
 ParOldGen       total 86016K, used 5868K [0x0000000082000000, 0x0000000087400000, 0x00000000d6000000)
  object space 86016K, 6% used [0x0000000082000000,0x00000000825bb058,0x0000000087400000)
 Metaspace       used 15846K, capacity 16642K, committed 16768K, reserved 1064960K
  class space    used 1882K, capacity 2085K, committed 2176K, reserved 1048576K
Event: 490.770 GC heap after
Heap after GC invocations=15 (full 0):
 PSYoungGen      total 134144K, used 32K [0x00000000d6000000, 0x00000000e3500000, 0x0000000100000000)
  eden space 126464K, 0% used [0x00000000d6000000,0x00000000d6000000,0x00000000ddb80000)
  from space 7680K, 0% used [0x00000000ddb80000,0x00000000ddb88000,0x00000000de300000)
  to   space 7680K, 0% used [0x00000000e2d80000,0x00000000e2d80000,0x00000000e3500000)
 ParOldGen       total 86016K, used 5868K [0x0000000082000000, 0x0000000087400000, 0x00000000d6000000)
  object space 86016K, 6% used [0x0000000082000000,0x00000000825bb058,0x0000000087400000)
 Metaspace       used 15846K, capacity 16642K, committed 16768K, reserved 1064960K
  class space    used 1882K, capacity 2085K, committed 2176K, reserved 1048576K
}
Event: 494.039 GC heap before
{Heap before GC invocations=16 (full 0):
 PSYoungGen      total 134144K, used 126496K [0x00000000d6000000, 0x00000000e3500000, 0x0000000100000000)
  eden space 126464K, 100% used [0x00000000d6000000,0x00000000ddb80000,0x00000000ddb80000)
  from space 7680K, 0% used [0x00000000ddb80000,0x00000000ddb88000,0x00000000de300000)
  to   space 7680K, 0% used [0x00000000e2d80000,0x00000000e2d80000,0x00000000e3500000)
 ParOldGen       total 86016K, used 5868K [0x0000000082000000, 0x0000000087400000, 0x00000000d6000000)
  object space 86016K, 6% used [0x0000000082000000,0x00000000825bb058,0x0000000087400000)
 Metaspace       used 15846K, capacity 16642K, committed 16768K, reserved 1064960K
  class space    used 1882K, capacity 2085K, committed 2176K, reserved 1048576K
Event: 494.239 GC heap after
Heap after GC invocations=16 (full 0):
 PSYoungGen      total 209408K, used 64K [0x00000000d6000000, 0x00000000e3400000, 0x0000000100000000)
  eden space 202752K, 0% used [0x00000000d6000000,0x00000000d6000000,0x00000000e2600000)
  from space 6656K, 0% used [0x00000000e2d80000,0x00000000e2d90000,0x00000000e3400000)
  to   space 7168K, 0% used [0x00000000e2600000,0x00000000e2600000,0x00000000e2d00000)
 ParOldGen       total 86016K, used 5868K [0x0000000082000000, 0x0000000087400000, 0x00000000d6000000)
  object space 86016K, 6% used [0x0000000082000000,0x00000000825bb058,0x0000000087400000)
 Metaspace       used 15846K, capacity 16642K, committed 16768K, reserved 1064960K
  class space    used 1882K, capacity 2085K, committed 2176K, reserved 1048576K
}
Event: 504.461 GC heap before
{Heap before GC invocations=17 (full 0):
 PSYoungGen      total 209408K, used 202816K [0x00000000d6000000, 0x00000000e3400000, 0x0000000100000000)
  eden space 202752K, 100% used [0x00000000d6000000,0x00000000e2600000,0x00000000e2600000)
  from space 6656K, 0% used [0x00000000e2d80000,0x00000000e2d90000,0x00000000e3400000)
  to   space 7168K, 0% used [0x00000000e2600000,0x00000000e2600000,0x00000000e2d00000)
 ParOldGen       total 86016K, used 5868K [0x0000000082000000, 0x0000000087400000, 0x00000000d6000000)
  object space 86016K, 6% used [0x0000000082000000,0x00000000825bb058,0x0000000087400000)
 Metaspace       used 15846K, capacity 16642K, committed 16768K, reserved 1064960K
  class space    used 1882K, capacity 2085K, committed 2176K, reserved 1048576K
Event: 504.694 GC heap after
Heap after GC invocations=17 (full 0):
 PSYoungGen      total 209920K, used 64K [0x00000000d6000000, 0x00000000e8380000, 0x0000000100000000)
  eden space 202752K, 0% used [0x00000000d6000000,0x00000000d6000000,0x00000000e2600000)
  from space 7168K, 0% used [0x00000000e2600000,0x00000000e2610000,0x00000000e2d00000)
  to   space 7168K, 0% used [0x00000000e7c80000,0x00000000e7c80000,0x00000000e8380000)
 ParOldGen       total 86016K, used 5868K [0x0000000082000000, 0x0000000087400000, 0x00000000d6000000)
  object space 86016K, 6% used [0x0000000082000000,0x00000000825bb058,0x0000000087400000)
 Metaspace       used 15846K, capacity 16642K, committed 16768K, reserved 1064960K
  class space    used 1882K, capacity 2085K, committed 2176K, reserved 1048576K
}
Event: 514.275 GC heap before
{Heap before GC invocations=18 (full 0):
 PSYoungGen      total 209920K, used 202816K [0x00000000d6000000, 0x00000000e8380000, 0x0000000100000000)
  eden space 202752K, 100% used [0x00000000d6000000,0x00000000e2600000,0x00000000e2600000)
  from space 7168K, 0% used [0x00000000e2600000,0x00000000e2610000,0x00000000e2d00000)
  to   space 7168K, 0% used [0x00000000e7c80000,0x00000000e7c80000,0x00000000e8380000)
 ParOldGen       total 86016K, used 5868K [0x0000000082000000, 0x0000000087400000, 0x00000000d6000000)
  object space 86016K, 6% used [0x0000000082000000,0x00000000825bb058,0x0000000087400000)
 Metaspace       used 15846K, capacity 16642K, committed 16768K, reserved 1064960K
  class space    used 1882K, capacity 2085K, committed 2176K, reserved 1048576K
Event: 514.506 GC heap after
Heap after GC invocations=18 (full 0):
 PSYoungGen      total 290304K, used 96K [0x00000000d6000000, 0x00000000e8280000, 0x0000000100000000)
  eden space 284160K, 0% used [0x00000000d6000000,0x00000000d6000000,0x00000000e7580000)
  from space 6144K, 1% used [0x00000000e7c80000,0x00000000e7c98000,0x00000000e8280000)
  to   space 6656K, 0% used [0x00000000e7580000,0x00000000e7580000,0x00000000e7c00000)
 ParOldGen       total 86016K, used 5868K [0x0000000082000000, 0x0000000087400000, 0x00000000d6000000)
  object space 86016K, 6% used [0x0000000082000000,0x00000000825bb058,0x0000000087400000)
 Metaspace       used 15846K, capacity 16642K, committed 16768K, reserved 1064960K
  class space    used 1882K, capacity 2085K, committed 2176K, reserved 1048576K
}

